This is pdfTeX, Version 3.14159265-2.6-1.40.20 (TeX Live 2019/Arch Linux) (preloaded format=pdflatex 2019.9.28)  17 OCT 2019 07:18
entering extended mode
 restricted \write18 enabled.
 file:line:error style messages enabled.
 %&-line parsing enabled.
**efc2.tex
(./efc2.tex
LaTeX2e <2018-12-01>
(/usr/share/texmf-dist/tex/latex/base/article.cls
Document Class: article 2018/09/03 v1.4i Standard LaTeX document class
(/usr/share/texmf-dist/tex/latex/base/size10.clo
File: size10.clo 2018/09/03 v1.4i Standard LaTeX file (size option)
)
\c@part=\count80
\c@section=\count81
\c@subsection=\count82
\c@subsubsection=\count83
\c@paragraph=\count84
\c@subparagraph=\count85
\c@figure=\count86
\c@table=\count87
\abovecaptionskip=\skip41
\belowcaptionskip=\skip42
\bibindent=\dimen102
) (/usr/share/texmf-dist/tex/latex/amsmath/amsmath.sty
Package: amsmath 2018/12/01 v2.17b AMS math features
\@mathmargin=\skip43

For additional information on amsmath, use the `?' option.
(/usr/share/texmf-dist/tex/latex/amsmath/amstext.sty
Package: amstext 2000/06/29 v2.01 AMS text
 (/usr/share/texmf-dist/tex/latex/amsmath/amsgen.sty
File: amsgen.sty 1999/11/30 v2.0 generic functions
\@emptytoks=\toks14
\ex@=\dimen103
)) (/usr/share/texmf-dist/tex/latex/amsmath/amsbsy.sty
Package: amsbsy 1999/11/29 v1.2d Bold Symbols
\pmbraise@=\dimen104
) (/usr/share/texmf-dist/tex/latex/amsmath/amsopn.sty
Package: amsopn 2016/03/08 v2.02 operator names
)
\inf@bad=\count88
LaTeX Info: Redefining \frac on input line 223.
\uproot@=\count89
\leftroot@=\count90
LaTeX Info: Redefining \overline on input line 385.
\classnum@=\count91
\DOTSCASE@=\count92
LaTeX Info: Redefining \ldots on input line 482.
LaTeX Info: Redefining \dots on input line 485.
LaTeX Info: Redefining \cdots on input line 606.
\Mathstrutbox@=\box27
\strutbox@=\box28
\big@size=\dimen105
LaTeX Font Info:    Redeclaring font encoding OML on input line 729.
LaTeX Font Info:    Redeclaring font encoding OMS on input line 730.
\macc@depth=\count93
\c@MaxMatrixCols=\count94
\dotsspace@=\muskip10
\c@parentequation=\count95
\dspbrk@lvl=\count96
\tag@help=\toks15
\row@=\count97
\column@=\count98
\maxfields@=\count99
\andhelp@=\toks16
\eqnshift@=\dimen106
\alignsep@=\dimen107
\tagshift@=\dimen108
\tagwidth@=\dimen109
\totwidth@=\dimen110
\lineht@=\dimen111
\@envbody=\toks17
\multlinegap=\skip44
\multlinetaggap=\skip45
\mathdisplay@stack=\toks18
LaTeX Info: Redefining \[ on input line 2844.
LaTeX Info: Redefining \] on input line 2845.
) (/usr/share/texmf-dist/tex/latex/base/inputenc.sty
Package: inputenc 2018/08/11 v1.3c Input encoding file
\inpenc@prehook=\toks19
\inpenc@posthook=\toks20
) (/usr/share/texmf-dist/tex/generic/babel/babel.sty
Package: babel 2019/04/03 3.29 The Babel package
 (/usr/share/texmf-dist/tex/generic/babel/switch.def
File: switch.def 2019/04/03 3.29 Babel switching mechanism
) (/usr/share/texmf-dist/tex/generic/babel-english/english.ldf
Language: english 2017/06/06 v3.3r English support from the babel system
 (/usr/share/texmf-dist/tex/generic/babel/babel.def
File: babel.def 2019/04/03 3.29 Babel common definitions
\babel@savecnt=\count100
\U@D=\dimen112
 (/usr/share/texmf-dist/tex/generic/babel/txtbabel.def)
\bbl@dirlevel=\count101
)
\l@canadian = a dialect from \language\l@american 
\l@australian = a dialect from \language\l@british 
\l@newzealand = a dialect from \language\l@british 
)) (/usr/share/texmf-dist/tex/latex/graphics/graphicx.sty
Package: graphicx 2017/06/01 v1.1a Enhanced LaTeX Graphics (DPC,SPQR)
 (/usr/share/texmf-dist/tex/latex/graphics/keyval.sty
Package: keyval 2014/10/28 v1.15 key=value parser (DPC)
\KV@toks@=\toks21
) (/usr/share/texmf-dist/tex/latex/graphics/graphics.sty
Package: graphics 2017/06/25 v1.2c Standard LaTeX Graphics (DPC,SPQR)
 (/usr/share/texmf-dist/tex/latex/graphics/trig.sty
Package: trig 2016/01/03 v1.10 sin cos tan (DPC)
) (/usr/share/texmf-dist/tex/latex/graphics-cfg/graphics.cfg
File: graphics.cfg 2016/06/04 v1.11 sample graphics configuration
)
Package graphics Info: Driver file: pdftex.def on input line 99.
 (/usr/share/texmf-dist/tex/latex/graphics-def/pdftex.def
File: pdftex.def 2018/01/08 v1.0l Graphics/color driver for pdftex
))
\Gin@req@height=\dimen113
\Gin@req@width=\dimen114
) (/usr/share/texmf-dist/tex/latex/caption/subcaption.sty
Package: subcaption 2018/05/01 v1.1-162 Sub-captions (AR)
 (/usr/share/texmf-dist/tex/latex/caption/caption.sty
Package: caption 2018/10/06 v3.3-154 Customizing captions (AR)
 (/usr/share/texmf-dist/tex/latex/caption/caption3.sty
Package: caption3 2018/09/12 v1.8c caption3 kernel (AR)
Package caption3 Info: TeX engine: e-TeX on input line 64.
\captionmargin=\dimen115
\captionmargin@=\dimen116
\captionwidth=\dimen117
\caption@tempdima=\dimen118
\caption@indent=\dimen119
\caption@parindent=\dimen120
\caption@hangindent=\dimen121
)
\c@caption@flags=\count102
\c@ContinuedFloat=\count103
)
\c@subfigure=\count104
\c@subtable=\count105
) (/usr/share/texmf-dist/tex/latex/hyperref/hyperref.sty
Package: hyperref 2018/11/30 v6.88e Hypertext links for LaTeX
 (/usr/share/texmf-dist/tex/generic/oberdiek/hobsub-hyperref.sty
Package: hobsub-hyperref 2016/05/16 v1.14 Bundle oberdiek, subset hyperref (HO)
 (/usr/share/texmf-dist/tex/generic/oberdiek/hobsub-generic.sty
Package: hobsub-generic 2016/05/16 v1.14 Bundle oberdiek, subset generic (HO)
Package: hobsub 2016/05/16 v1.14 Construct package bundles (HO)
Package: infwarerr 2016/05/16 v1.4 Providing info/warning/error messages (HO)
Package: ltxcmds 2016/05/16 v1.23 LaTeX kernel commands for general use (HO)
Package: ifluatex 2016/05/16 v1.4 Provides the ifluatex switch (HO)
Package ifluatex Info: LuaTeX not detected.
Package: ifvtex 2016/05/16 v1.6 Detect VTeX and its facilities (HO)
Package ifvtex Info: VTeX not detected.
Package: intcalc 2016/05/16 v1.2 Expandable calculations with integers (HO)
Package: ifpdf 2018/09/07 v3.3 Provides the ifpdf switch
Package: etexcmds 2016/05/16 v1.6 Avoid name clashes with e-TeX commands (HO)
Package: kvsetkeys 2016/05/16 v1.17 Key value parser (HO)
Package: kvdefinekeys 2016/05/16 v1.4 Define keys (HO)
Package: pdftexcmds 2018/09/10 v0.29 Utility functions of pdfTeX for LuaTeX (HO)
Package pdftexcmds Info: LuaTeX not detected.
Package pdftexcmds Info: \pdf@primitive is available.
Package pdftexcmds Info: \pdf@ifprimitive is available.
Package pdftexcmds Info: \pdfdraftmode found.
Package: pdfescape 2016/05/16 v1.14 Implements pdfTeX's escape features (HO)
Package: bigintcalc 2016/05/16 v1.4 Expandable calculations on big integers (HO)
Package: bitset 2016/05/16 v1.2 Handle bit-vector datatype (HO)
Package: uniquecounter 2016/05/16 v1.3 Provide unlimited unique counter (HO)
)
Package hobsub Info: Skipping package `hobsub' (already loaded).
Package: letltxmacro 2016/05/16 v1.5 Let assignment for LaTeX macros (HO)
Package: hopatch 2016/05/16 v1.3 Wrapper for package hooks (HO)
Package: xcolor-patch 2016/05/16 xcolor patch
Package: atveryend 2016/05/16 v1.9 Hooks at the very end of document (HO)
Package atveryend Info: \enddocument detected (standard20110627).
Package: atbegshi 2016/06/09 v1.18 At begin shipout hook (HO)
Package: refcount 2016/05/16 v3.5 Data extraction from label references (HO)
Package: hycolor 2016/05/16 v1.8 Color options for hyperref/bookmark (HO)
) (/usr/share/texmf-dist/tex/generic/ifxetex/ifxetex.sty
Package: ifxetex 2010/09/12 v0.6 Provides ifxetex conditional
) (/usr/share/texmf-dist/tex/latex/oberdiek/auxhook.sty
Package: auxhook 2016/05/16 v1.4 Hooks for auxiliary files (HO)
) (/usr/share/texmf-dist/tex/latex/oberdiek/kvoptions.sty
Package: kvoptions 2016/05/16 v3.12 Key value format for package options (HO)
)
\@linkdim=\dimen122
\Hy@linkcounter=\count106
\Hy@pagecounter=\count107
 (/usr/share/texmf-dist/tex/latex/hyperref/pd1enc.def
File: pd1enc.def 2018/11/30 v6.88e Hyperref: PDFDocEncoding definition (HO)
Now handling font encoding PD1 ...
... no UTF-8 mapping file for font encoding PD1
)
\Hy@SavedSpaceFactor=\count108
 (/usr/share/texmf-dist/tex/latex/latexconfig/hyperref.cfg
File: hyperref.cfg 2002/06/06 v1.2 hyperref configuration of TeXLive
)
Package hyperref Info: Hyper figures OFF on input line 4519.
Package hyperref Info: Link nesting OFF on input line 4524.
Package hyperref Info: Hyper index ON on input line 4527.
Package hyperref Info: Plain pages OFF on input line 4534.
Package hyperref Info: Backreferencing OFF on input line 4539.
Package hyperref Info: Implicit mode ON; LaTeX internals redefined.
Package hyperref Info: Bookmarks ON on input line 4772.
\c@Hy@tempcnt=\count109
 (/usr/share/texmf-dist/tex/latex/url/url.sty
\Urlmuskip=\muskip11
Package: url 2013/09/16  ver 3.4  Verb mode for urls, etc.
)
LaTeX Info: Redefining \url on input line 5125.
\XeTeXLinkMargin=\dimen123
\Fld@menulength=\count110
\Field@Width=\dimen124
\Fld@charsize=\dimen125
Package hyperref Info: Hyper figures OFF on input line 6380.
Package hyperref Info: Link nesting OFF on input line 6385.
Package hyperref Info: Hyper index ON on input line 6388.
Package hyperref Info: backreferencing OFF on input line 6395.
Package hyperref Info: Link coloring OFF on input line 6400.
Package hyperref Info: Link coloring with OCG OFF on input line 6405.
Package hyperref Info: PDF/A mode OFF on input line 6410.
LaTeX Info: Redefining \ref on input line 6450.
LaTeX Info: Redefining \pageref on input line 6454.
\Hy@abspage=\count111
\c@Item=\count112
\c@Hfootnote=\count113
)
Package hyperref Info: Driver (autodetected): hpdftex.
 (/usr/share/texmf-dist/tex/latex/hyperref/hpdftex.def
File: hpdftex.def 2018/11/30 v6.88e Hyperref driver for pdfTeX
\Fld@listcount=\count114
\c@bookmark@seq@number=\count115
 (/usr/share/texmf-dist/tex/latex/oberdiek/rerunfilecheck.sty
Package: rerunfilecheck 2016/05/16 v1.8 Rerun checks for auxiliary files (HO)
Package uniquecounter Info: New unique counter `rerunfilecheck' on input line 282.
)
\Hy@SectionHShift=\skip46
) (/usr/share/texmf-dist/tex/latex/float/float.sty
Package: float 2001/11/08 v1.3d Float enhancements (AL)
\c@float@type=\count116
\float@exts=\toks22
\float@box=\box29
\@float@everytoks=\toks23
\@floatcapt=\box30
) (/usr/share/texmf-dist/tex/latex/geometry/geometry.sty
Package: geometry 2018/04/16 v5.8 Page Geometry
\Gm@cnth=\count117
\Gm@cntv=\count118
\c@Gm@tempcnt=\count119
\Gm@bindingoffset=\dimen126
\Gm@wd@mp=\dimen127
\Gm@odd@mp=\dimen128
\Gm@even@mp=\dimen129
\Gm@layoutwidth=\dimen130
\Gm@layoutheight=\dimen131
\Gm@layouthoffset=\dimen132
\Gm@layoutvoffset=\dimen133
\Gm@dimlist=\toks24
) (./efc2.aux)
\openout1 = `efc2.aux'.

LaTeX Font Info:    Checking defaults for OML/cmm/m/it on input line 28.
LaTeX Font Info:    ... okay on input line 28.
LaTeX Font Info:    Checking defaults for T1/cmr/m/n on input line 28.
LaTeX Font Info:    ... okay on input line 28.
LaTeX Font Info:    Checking defaults for OT1/cmr/m/n on input line 28.
LaTeX Font Info:    ... okay on input line 28.
LaTeX Font Info:    Checking defaults for OMS/cmsy/m/n on input line 28.
LaTeX Font Info:    ... okay on input line 28.
LaTeX Font Info:    Checking defaults for OMX/cmex/m/n on input line 28.
LaTeX Font Info:    ... okay on input line 28.
LaTeX Font Info:    Checking defaults for U/cmr/m/n on input line 28.
LaTeX Font Info:    ... okay on input line 28.
LaTeX Font Info:    Checking defaults for PD1/pdf/m/n on input line 28.
LaTeX Font Info:    ... okay on input line 28.
 (/usr/share/texmf-dist/tex/context/base/mkii/supp-pdf.mkii
[Loading MPS to PDF converter (version 2006.09.02).]
\scratchcounter=\count120
\scratchdimen=\dimen134
\scratchbox=\box31
\nofMPsegments=\count121
\nofMParguments=\count122
\everyMPshowfont=\toks25
\MPscratchCnt=\count123
\MPscratchDim=\dimen135
\MPnumerator=\count124
\makeMPintoPDFobject=\count125
\everyMPtoPDFconversion=\toks26
) (/usr/share/texmf-dist/tex/latex/oberdiek/epstopdf-base.sty
Package: epstopdf-base 2016/05/15 v2.6 Base part for package epstopdf
 (/usr/share/texmf-dist/tex/latex/oberdiek/grfext.sty
Package: grfext 2016/05/16 v1.2 Manage graphics extensions (HO)
)
Package epstopdf-base Info: Redefining graphics rule for `.eps' on input line 438.
Package grfext Info: Graphics extension search list:
(grfext)             [.pdf,.png,.jpg,.mps,.jpeg,.jbig2,.jb2,.PDF,.PNG,.JPG,.JPEG,.JBIG2,.JB2,.eps]
(grfext)             \AppendGraphicsExtensions on input line 456.
 (/usr/share/texmf-dist/tex/latex/latexconfig/epstopdf-sys.cfg
File: epstopdf-sys.cfg 2010/07/13 v1.3 Configuration of (r)epstopdf for TeX Live
))
Package caption Info: Begin \AtBeginDocument code.
Package caption Info: float package is loaded.
Package caption Info: hyperref package is loaded.
Package caption Info: End \AtBeginDocument code.
\AtBeginShipoutBox=\box32
Package hyperref Info: Link coloring OFF on input line 28.
 (/usr/share/texmf-dist/tex/latex/hyperref/nameref.sty
Package: nameref 2016/05/21 v2.44 Cross-referencing by name of section
 (/usr/share/texmf-dist/tex/generic/oberdiek/gettitlestring.sty
Package: gettitlestring 2016/05/16 v1.5 Cleanup title references (HO)
)
\c@section@level=\count126
)
LaTeX Info: Redefining \ref on input line 28.
LaTeX Info: Redefining \pageref on input line 28.
LaTeX Info: Redefining \nameref on input line 28.
 (./efc2.out) (./efc2.out)
\@outlinefile=\write3
\openout3 = `efc2.out'.


*geometry* driver: auto-detecting
*geometry* detected driver: pdftex
*geometry* verbose mode - [ preamble ] result:
* driver: pdftex
* paper: a4paper
* layout: <same size as paper>
* layoutoffset:(h,v)=(0.0pt,0.0pt)
* modes: 
* h-part:(L,W,R)=(72.26999pt, 452.9679pt, 72.26999pt)
* v-part:(T,H,B)=(72.26999pt, 700.50687pt, 72.26999pt)
* \paperwidth=597.50787pt
* \paperheight=845.04684pt
* \textwidth=452.9679pt
* \textheight=700.50687pt
* \oddsidemargin=0.0pt
* \evensidemargin=0.0pt
* \topmargin=-37.0pt
* \headheight=12.0pt
* \headsep=25.0pt
* \topskip=10.0pt
* \footskip=30.0pt
* \marginparwidth=57.0pt
* \marginparsep=11.0pt
* \columnsep=10.0pt
* \skip\footins=9.0pt plus 4.0pt minus 2.0pt
* \hoffset=0.0pt
* \voffset=0.0pt
* \mag=1000
* \@twocolumnfalse
* \@twosidefalse
* \@mparswitchfalse
* \@reversemarginfalse
* (1in=72.27pt=25.4mm, 1cm=28.453pt)

<../figures/unicamp.png, id=36, 481.8pt x 481.8pt>
File: ../figures/unicamp.png Graphic file (type png)
<use ../figures/unicamp.png>
Package pdftex.def Info: ../figures/unicamp.png  used on input line 35.
(pdftex.def)             Requested size: 42.67912pt x 42.67642pt.
<../figures/feec.jpg, id=38, 863.225pt x 357.335pt>
File: ../figures/feec.jpg Graphic file (type jpg)
<use ../figures/feec.jpg>
Package pdftex.def Info: ../figures/feec.jpg  used on input line 42.
(pdftex.def)             Requested size: 42.67912pt x 17.66605pt.
[1

{/var/lib/texmf/fonts/map/pdftex/updmap/pdftex.map} <../figures/unicamp.png> <../figures/feec.jpg>]
LaTeX Font Info:    Font shape `OT1/cmtt/bx/n' in size <10> not available
(Font)              Font shape `OT1/cmtt/m/n' tried instead on input line 63.
LaTeX Font Info:    Try loading font information for OMS+cmr on input line 64.
 (/usr/share/texmf-dist/tex/latex/base/omscmr.fd
File: omscmr.fd 2014/09/29 v2.5h Standard LaTeX font definitions
)
LaTeX Font Info:    Font shape `OMS/cmr/m/n' in size <10> not available
(Font)              Font shape `OMS/cmsy/m/n' tried instead on input line 64.
<../figures/pre-ex1/raw_0_sd.png, id=55, 433.62pt x 289.08pt>
File: ../figures/pre-ex1/raw_0_sd.png Graphic file (type png)
<use ../figures/pre-ex1/raw_0_sd.png>
Package pdftex.def Info: ../figures/pre-ex1/raw_0_sd.png  used on input line 100.
(pdftex.def)             Requested size: 109.54327pt x 73.0285pt.
<../figures/pre-ex1/raw_1_median.png, id=56, 433.62pt x 289.08pt>
File: ../figures/pre-ex1/raw_1_median.png Graphic file (type png)
<use ../figures/pre-ex1/raw_1_median.png>
Package pdftex.def Info: ../figures/pre-ex1/raw_1_median.png  used on input line 108.
(pdftex.def)             Requested size: 109.54327pt x 73.0285pt.
<../figures/pre-ex1/raw_2_Q25.png, id=57, 433.62pt x 289.08pt>
File: ../figures/pre-ex1/raw_2_Q25.png Graphic file (type png)
<use ../figures/pre-ex1/raw_2_Q25.png>
Package pdftex.def Info: ../figures/pre-ex1/raw_2_Q25.png  used on input line 116.
(pdftex.def)             Requested size: 109.54327pt x 73.0285pt.
<../figures/pre-ex1/raw_3_Q75.png, id=58, 433.62pt x 289.08pt>
File: ../figures/pre-ex1/raw_3_Q75.png Graphic file (type png)
<use ../figures/pre-ex1/raw_3_Q75.png>
Package pdftex.def Info: ../figures/pre-ex1/raw_3_Q75.png  used on input line 124.
(pdftex.def)             Requested size: 109.54327pt x 73.0285pt.
<../figures/pre-ex1/raw_4_IQR.png, id=59, 433.62pt x 289.08pt>
File: ../figures/pre-ex1/raw_4_IQR.png Graphic file (type png)
<use ../figures/pre-ex1/raw_4_IQR.png>
Package pdftex.def Info: ../figures/pre-ex1/raw_4_IQR.png  used on input line 131.
(pdftex.def)             Requested size: 109.54327pt x 73.0285pt.
<../figures/pre-ex1/raw_5_skew.png, id=60, 433.62pt x 289.08pt>
File: ../figures/pre-ex1/raw_5_skew.png Graphic file (type png)
<use ../figures/pre-ex1/raw_5_skew.png>
Package pdftex.def Info: ../figures/pre-ex1/raw_5_skew.png  used on input line 138.
(pdftex.def)             Requested size: 109.54327pt x 73.0285pt.
<../figures/pre-ex1/raw_6_kurt.png, id=61, 433.62pt x 289.08pt>
File: ../figures/pre-ex1/raw_6_kurt.png Graphic file (type png)
<use ../figures/pre-ex1/raw_6_kurt.png>
Package pdftex.def Info: ../figures/pre-ex1/raw_6_kurt.png  used on input line 146.
(pdftex.def)             Requested size: 109.54327pt x 73.0285pt.
<../figures/pre-ex1/raw_7_sp_ent.png, id=62, 433.62pt x 289.08pt>
File: ../figures/pre-ex1/raw_7_sp_ent.png Graphic file (type png)
<use ../figures/pre-ex1/raw_7_sp_ent.png>
Package pdftex.def Info: ../figures/pre-ex1/raw_7_sp_ent.png  used on input line 153.
(pdftex.def)             Requested size: 109.54327pt x 73.0285pt.
<../figures/pre-ex1/raw_8_sfm.png, id=63, 433.62pt x 289.08pt>
File: ../figures/pre-ex1/raw_8_sfm.png Graphic file (type png)
<use ../figures/pre-ex1/raw_8_sfm.png>
Package pdftex.def Info: ../figures/pre-ex1/raw_8_sfm.png  used on input line 160.
(pdftex.def)             Requested size: 109.54327pt x 73.0285pt.
<../figures/pre-ex1/raw_9_mode.png, id=64, 433.62pt x 289.08pt>
File: ../figures/pre-ex1/raw_9_mode.png Graphic file (type png)
<use ../figures/pre-ex1/raw_9_mode.png>
Package pdftex.def Info: ../figures/pre-ex1/raw_9_mode.png  used on input line 167.
(pdftex.def)             Requested size: 109.54327pt x 73.0285pt.
<../figures/pre-ex1/raw_10_centroid.png, id=65, 433.62pt x 289.08pt>
File: ../figures/pre-ex1/raw_10_centroid.png Graphic file (type png)
<use ../figures/pre-ex1/raw_10_centroid.png>
Package pdftex.def Info: ../figures/pre-ex1/raw_10_centroid.png  used on input line 174.
(pdftex.def)             Requested size: 109.54327pt x 73.0285pt.
<../figures/pre-ex1/raw_11_meanfun.png, id=66, 433.62pt x 289.08pt>
File: ../figures/pre-ex1/raw_11_meanfun.png Graphic file (type png)
<use ../figures/pre-ex1/raw_11_meanfun.png>
Package pdftex.def Info: ../figures/pre-ex1/raw_11_meanfun.png  used on input line 181.
(pdftex.def)             Requested size: 109.54327pt x 73.0285pt.
<../figures/pre-ex1/raw_12_minfun.png, id=67, 433.62pt x 289.08pt>
File: ../figures/pre-ex1/raw_12_minfun.png Graphic file (type png)
<use ../figures/pre-ex1/raw_12_minfun.png>
Package pdftex.def Info: ../figures/pre-ex1/raw_12_minfun.png  used on input line 188.
(pdftex.def)             Requested size: 109.54327pt x 73.0285pt.
<../figures/pre-ex1/raw_13_maxfun.png, id=68, 433.62pt x 289.08pt>
File: ../figures/pre-ex1/raw_13_maxfun.png Graphic file (type png)
<use ../figures/pre-ex1/raw_13_maxfun.png>
Package pdftex.def Info: ../figures/pre-ex1/raw_13_maxfun.png  used on input line 195.
(pdftex.def)             Requested size: 109.54327pt x 73.0285pt.
<../figures/pre-ex1/raw_14_meandom.png, id=69, 433.62pt x 289.08pt>
File: ../figures/pre-ex1/raw_14_meandom.png Graphic file (type png)
<use ../figures/pre-ex1/raw_14_meandom.png>
Package pdftex.def Info: ../figures/pre-ex1/raw_14_meandom.png  used on input line 202.
(pdftex.def)             Requested size: 109.54327pt x 73.0285pt.
<../figures/pre-ex1/raw_15_mindom.png, id=70, 433.62pt x 289.08pt>
File: ../figures/pre-ex1/raw_15_mindom.png Graphic file (type png)
<use ../figures/pre-ex1/raw_15_mindom.png>
Package pdftex.def Info: ../figures/pre-ex1/raw_15_mindom.png  used on input line 209.
(pdftex.def)             Requested size: 109.54327pt x 73.0285pt.
<../figures/pre-ex1/raw_16_maxdom.png, id=71, 433.62pt x 289.08pt>
File: ../figures/pre-ex1/raw_16_maxdom.png Graphic file (type png)
<use ../figures/pre-ex1/raw_16_maxdom.png>
Package pdftex.def Info: ../figures/pre-ex1/raw_16_maxdom.png  used on input line 216.
(pdftex.def)             Requested size: 109.54327pt x 73.0285pt.
<../figures/pre-ex1/raw_17_dfrange.png, id=72, 433.62pt x 289.08pt>
File: ../figures/pre-ex1/raw_17_dfrange.png Graphic file (type png)
<use ../figures/pre-ex1/raw_17_dfrange.png>
Package pdftex.def Info: ../figures/pre-ex1/raw_17_dfrange.png  used on input line 223.
(pdftex.def)             Requested size: 109.54327pt x 73.0285pt.
<../figures/pre-ex1/raw_18_modindx.png, id=73, 433.62pt x 289.08pt>
File: ../figures/pre-ex1/raw_18_modindx.png Graphic file (type png)
<use ../figures/pre-ex1/raw_18_modindx.png>
Package pdftex.def Info: ../figures/pre-ex1/raw_18_modindx.png  used on input line 230.
(pdftex.def)             Requested size: 109.54327pt x 73.0285pt.
<../figures/pre-ex1/std_0_sd.png, id=74, 433.62pt x 289.08pt>
File: ../figures/pre-ex1/std_0_sd.png Graphic file (type png)
<use ../figures/pre-ex1/std_0_sd.png>
Package pdftex.def Info: ../figures/pre-ex1/std_0_sd.png  used on input line 246.
(pdftex.def)             Requested size: 109.54327pt x 73.0285pt.
<../figures/pre-ex1/std_1_median.png, id=75, 433.62pt x 289.08pt>
File: ../figures/pre-ex1/std_1_median.png Graphic file (type png)
<use ../figures/pre-ex1/std_1_median.png>
Package pdftex.def Info: ../figures/pre-ex1/std_1_median.png  used on input line 254.
(pdftex.def)             Requested size: 109.54327pt x 73.0285pt.
<../figures/pre-ex1/std_2_Q25.png, id=76, 433.62pt x 289.08pt>
File: ../figures/pre-ex1/std_2_Q25.png Graphic file (type png)
<use ../figures/pre-ex1/std_2_Q25.png>
Package pdftex.def Info: ../figures/pre-ex1/std_2_Q25.png  used on input line 262.
(pdftex.def)             Requested size: 109.54327pt x 73.0285pt.
<../figures/pre-ex1/std_3_Q75.png, id=77, 433.62pt x 289.08pt>
File: ../figures/pre-ex1/std_3_Q75.png Graphic file (type png)
<use ../figures/pre-ex1/std_3_Q75.png>
Package pdftex.def Info: ../figures/pre-ex1/std_3_Q75.png  used on input line 270.
(pdftex.def)             Requested size: 109.54327pt x 73.0285pt.
<../figures/pre-ex1/std_4_IQR.png, id=78, 433.62pt x 289.08pt>
File: ../figures/pre-ex1/std_4_IQR.png Graphic file (type png)
<use ../figures/pre-ex1/std_4_IQR.png>
Package pdftex.def Info: ../figures/pre-ex1/std_4_IQR.png  used on input line 277.
(pdftex.def)             Requested size: 109.54327pt x 73.0285pt.
<../figures/pre-ex1/std_5_skew.png, id=79, 433.62pt x 289.08pt>
File: ../figures/pre-ex1/std_5_skew.png Graphic file (type png)
<use ../figures/pre-ex1/std_5_skew.png>
Package pdftex.def Info: ../figures/pre-ex1/std_5_skew.png  used on input line 284.
(pdftex.def)             Requested size: 109.54327pt x 73.0285pt.
<../figures/pre-ex1/std_6_kurt.png, id=80, 433.62pt x 289.08pt>
File: ../figures/pre-ex1/std_6_kurt.png Graphic file (type png)
<use ../figures/pre-ex1/std_6_kurt.png>
Package pdftex.def Info: ../figures/pre-ex1/std_6_kurt.png  used on input line 292.
(pdftex.def)             Requested size: 109.54327pt x 73.0285pt.
<../figures/pre-ex1/std_7_sp_ent.png, id=81, 433.62pt x 289.08pt>
File: ../figures/pre-ex1/std_7_sp_ent.png Graphic file (type png)
<use ../figures/pre-ex1/std_7_sp_ent.png>
Package pdftex.def Info: ../figures/pre-ex1/std_7_sp_ent.png  used on input line 299.
(pdftex.def)             Requested size: 109.54327pt x 73.0285pt.
<../figures/pre-ex1/std_8_sfm.png, id=82, 433.62pt x 289.08pt>
File: ../figures/pre-ex1/std_8_sfm.png Graphic file (type png)
<use ../figures/pre-ex1/std_8_sfm.png>
Package pdftex.def Info: ../figures/pre-ex1/std_8_sfm.png  used on input line 306.
(pdftex.def)             Requested size: 109.54327pt x 73.0285pt.
<../figures/pre-ex1/std_9_mode.png, id=83, 433.62pt x 289.08pt>
File: ../figures/pre-ex1/std_9_mode.png Graphic file (type png)
<use ../figures/pre-ex1/std_9_mode.png>
Package pdftex.def Info: ../figures/pre-ex1/std_9_mode.png  used on input line 313.
(pdftex.def)             Requested size: 109.54327pt x 73.0285pt.
<../figures/pre-ex1/std_10_centroid.png, id=84, 433.62pt x 289.08pt>
File: ../figures/pre-ex1/std_10_centroid.png Graphic file (type png)
<use ../figures/pre-ex1/std_10_centroid.png>
Package pdftex.def Info: ../figures/pre-ex1/std_10_centroid.png  used on input line 320.
(pdftex.def)             Requested size: 109.54327pt x 73.0285pt.
<../figures/pre-ex1/std_11_meanfun.png, id=85, 433.62pt x 289.08pt>
File: ../figures/pre-ex1/std_11_meanfun.png Graphic file (type png)
<use ../figures/pre-ex1/std_11_meanfun.png>
Package pdftex.def Info: ../figures/pre-ex1/std_11_meanfun.png  used on input line 327.
(pdftex.def)             Requested size: 109.54327pt x 73.0285pt.
<../figures/pre-ex1/std_12_minfun.png, id=86, 433.62pt x 289.08pt>
File: ../figures/pre-ex1/std_12_minfun.png Graphic file (type png)
<use ../figures/pre-ex1/std_12_minfun.png>
Package pdftex.def Info: ../figures/pre-ex1/std_12_minfun.png  used on input line 334.
(pdftex.def)             Requested size: 109.54327pt x 73.0285pt.
<../figures/pre-ex1/std_13_maxfun.png, id=87, 433.62pt x 289.08pt>
File: ../figures/pre-ex1/std_13_maxfun.png Graphic file (type png)
<use ../figures/pre-ex1/std_13_maxfun.png>
Package pdftex.def Info: ../figures/pre-ex1/std_13_maxfun.png  used on input line 341.
(pdftex.def)             Requested size: 109.54327pt x 73.0285pt.
<../figures/pre-ex1/std_14_meandom.png, id=88, 433.62pt x 289.08pt>
File: ../figures/pre-ex1/std_14_meandom.png Graphic file (type png)
<use ../figures/pre-ex1/std_14_meandom.png>
Package pdftex.def Info: ../figures/pre-ex1/std_14_meandom.png  used on input line 348.
(pdftex.def)             Requested size: 109.54327pt x 73.0285pt.
<../figures/pre-ex1/std_15_mindom.png, id=89, 433.62pt x 289.08pt>
File: ../figures/pre-ex1/std_15_mindom.png Graphic file (type png)
<use ../figures/pre-ex1/std_15_mindom.png>
Package pdftex.def Info: ../figures/pre-ex1/std_15_mindom.png  used on input line 355.
(pdftex.def)             Requested size: 109.54327pt x 73.0285pt.
<../figures/pre-ex1/std_16_maxdom.png, id=90, 433.62pt x 289.08pt>
File: ../figures/pre-ex1/std_16_maxdom.png Graphic file (type png)
<use ../figures/pre-ex1/std_16_maxdom.png>
Package pdftex.def Info: ../figures/pre-ex1/std_16_maxdom.png  used on input line 362.
(pdftex.def)             Requested size: 109.54327pt x 73.0285pt.
<../figures/pre-ex1/std_17_dfrange.png, id=91, 433.62pt x 289.08pt>
File: ../figures/pre-ex1/std_17_dfrange.png Graphic file (type png)
<use ../figures/pre-ex1/std_17_dfrange.png>
Package pdftex.def Info: ../figures/pre-ex1/std_17_dfrange.png  used on input line 369.
(pdftex.def)             Requested size: 109.54327pt x 73.0285pt.
<../figures/pre-ex1/std_18_modindx.png, id=92, 433.62pt x 289.08pt>
File: ../figures/pre-ex1/std_18_modindx.png Graphic file (type png)
<use ../figures/pre-ex1/std_18_modindx.png>
Package pdftex.def Info: ../figures/pre-ex1/std_18_modindx.png  used on input line 376.
(pdftex.def)             Requested size: 109.54327pt x 73.0285pt.
<../figures/pre-ex1/correlation.png, id=95, 1373.13pt x 1084.05pt>
File: ../figures/pre-ex1/correlation.png Graphic file (type png)
<use ../figures/pre-ex1/correlation.png>
Package pdftex.def Info: ../figures/pre-ex1/correlation.png  used on input line 389.
(pdftex.def)             Requested size: 426.79134pt x 336.92871pt.
 [2] [3 <../figures/pre-ex1/raw_0_sd.png> <../figures/pre-ex1/raw_1_median.png> <../figures/pre-ex1/raw_2_Q25.png> <../figures/pre-ex1/raw_3_Q75.png> <../figures/pre-ex1/raw_4_IQR.png> <../figures/pre-ex1/raw_5_skew.png> <../figures/pre-ex1/raw_6_kurt.png> <../figures/pre-ex1/raw_7_sp_ent.png> <../figures/pre-ex1/raw_8_sfm.png> <../figures/pre-ex1/raw_9_mode.png> <../figures/pre-ex1/raw_10_centroid.png> <../figures/pre-ex1/raw_11_meanfun.png> <../figures/pre-ex1/raw_12_minfun.png> <../figures/pre-ex1/raw_13_maxfun.png> <../figures/pre-ex1/raw_14_meandom.png> <../figures/pre-ex1/raw_15_mindom.png> <../figures/pre-ex1/raw_16_maxdom.png> <../figures/pre-ex1/raw_17_dfrange.png> <../figures/pre-ex1/raw_18_modindx.png>] [4 <../figures/pre-ex1/std_0_sd.png> <../figures/pre-ex1/std_1_median.png> <../figures/pre-ex1/std_2_Q25.png> <../figures/pre-ex1/std_3_Q75.png> <../figures/pre-ex1/std_4_IQR.png> <../figures/pre-ex1/std_5_skew.png> <../figures/pre-ex1/std_6_kurt.png> <../figures/pre-ex1/std_7_sp_ent.png> <../figures/pre-ex1/std_8_sfm.png> <../figures/pre-ex1/std_9_mode.png> <../figures/pre-ex1/std_10_centroid.png> <../figures/pre-ex1/std_11_meanfun.png> <../figures/pre-ex1/std_12_minfun.png> <../figures/pre-ex1/std_13_maxfun.png> <../figures/pre-ex1/std_14_meandom.png> <../figures/pre-ex1/std_15_mindom.png> <../figures/pre-ex1/std_16_maxdom.png> <../figures/pre-ex1/std_17_dfrange.png> <../figures/pre-ex1/std_18_modindx.png>]
<../figures/pre-ex1/logistic_function.png, id=160, 433.62pt x 289.08pt>
File: ../figures/pre-ex1/logistic_function.png Graphic file (type png)
<use ../figures/pre-ex1/logistic_function.png>
Package pdftex.def Info: ../figures/pre-ex1/logistic_function.png  used on input line 398.
(pdftex.def)             Requested size: 341.43306pt x 227.63405pt.
 [5 <../figures/pre-ex1/correlation.png> <../figures/pre-ex1/logistic_function.png>]
<../figures/pre-ex1/logistic_vs_tanh.png, id=171, 433.62pt x 289.08pt>
File: ../figures/pre-ex1/logistic_vs_tanh.png Graphic file (type png)
<use ../figures/pre-ex1/logistic_vs_tanh.png>
Package pdftex.def Info: ../figures/pre-ex1/logistic_vs_tanh.png  used on input line 407.
(pdftex.def)             Requested size: 341.43306pt x 227.63405pt.
<../figures/ex1/error.png, id=173, 433.62pt x 289.08pt>
File: ../figures/ex1/error.png Graphic file (type png)
<use ../figures/ex1/error.png>
Package pdftex.def Info: ../figures/ex1/error.png  used on input line 422.
(pdftex.def)             Requested size: 341.43306pt x 227.63405pt.
 [6 <../figures/pre-ex1/logistic_vs_tanh.png>]
<../figures/ex1/ROC.png, id=184, 433.62pt x 289.08pt>
File: ../figures/ex1/ROC.png Graphic file (type png)
<use ../figures/ex1/ROC.png>
Package pdftex.def Info: ../figures/ex1/ROC.png  used on input line 431.
(pdftex.def)             Requested size: 341.43306pt x 227.63405pt.
<../figures/ex1/F1_score.png, id=186, 433.62pt x 289.08pt>
File: ../figures/ex1/F1_score.png Graphic file (type png)
<use ../figures/ex1/F1_score.png>
Package pdftex.def Info: ../figures/ex1/F1_score.png  used on input line 440.
(pdftex.def)             Requested size: 341.43306pt x 227.63405pt.
 [7 <../figures/ex1/error.png> <../figures/ex1/ROC.png>]
<../figures/ex1/F1_score_zoom.png, id=201, 433.62pt x 289.08pt>
File: ../figures/ex1/F1_score_zoom.png Graphic file (type png)
<use ../figures/ex1/F1_score_zoom.png>
Package pdftex.def Info: ../figures/ex1/F1_score_zoom.png  used on input line 453.
(pdftex.def)             Requested size: 341.43306pt x 227.63405pt.
 [8 <../figures/ex1/F1_score.png> <../figures/ex1/F1_score_zoom.png>]
<../figures/ex2-multiclass_classification/zero_one_loss.png, id=214, 433.62pt x 289.08pt>
File: ../figures/ex2-multiclass_classification/zero_one_loss.png Graphic file (type png)
<use ../figures/ex2-multiclass_classification/zero_one_loss.png>
Package pdftex.def Info: ../figures/ex2-multiclass_classification/zero_one_loss.png  used on input line 486.
(pdftex.def)             Requested size: 341.43306pt x 227.63405pt.
<../figures/ex2-multiclass_classification/zero_one_loss_zoom.png, id=215, 433.62pt x 289.08pt>
File: ../figures/ex2-multiclass_classification/zero_one_loss_zoom.png Graphic file (type png)
<use ../figures/ex2-multiclass_classification/zero_one_loss_zoom.png>
Package pdftex.def Info: ../figures/ex2-multiclass_classification/zero_one_loss_zoom.png  used on input line 493.
(pdftex.def)             Requested size: 341.43306pt x 227.63405pt.
<../figures/ex2-knn/error_uniform.png, id=216, 433.62pt x 289.08pt>
File: ../figures/ex2-knn/error_uniform.png Graphic file (type png)
<use ../figures/ex2-knn/error_uniform.png>
Package pdftex.def Info: ../figures/ex2-knn/error_uniform.png  used on input line 504.
(pdftex.def)             Requested size: 341.43306pt x 227.63405pt.
 [9 <../figures/ex2-multiclass_classification/zero_one_loss.png> <../figures/ex2-multiclass_classification/zero_one_loss_zoom.png>]
<../figures/ex2-knn/error_uniform_(mid_zoom).png, id=227, 433.62pt x 289.08pt>
File: ../figures/ex2-knn/error_uniform_(mid_zoom).png Graphic file (type png)
<use ../figures/ex2-knn/error_uniform_(mid_zoom).png>
Package pdftex.def Info: ../figures/ex2-knn/error_uniform_(mid_zoom).png  used on input line 511.
(pdftex.def)             Requested size: 341.43306pt x 227.63405pt.
<../figures/ex2-knn/error_uniform_(full_zoom).png, id=228, 433.62pt x 289.08pt>
File: ../figures/ex2-knn/error_uniform_(full_zoom).png Graphic file (type png)
<use ../figures/ex2-knn/error_uniform_(full_zoom).png>
Package pdftex.def Info: ../figures/ex2-knn/error_uniform_(full_zoom).png  used on input line 518.
(pdftex.def)             Requested size: 341.43306pt x 227.63405pt.
 [10 <../figures/ex2-knn/error_uniform.png> <../figures/ex2-knn/error_uniform_(mid_zoom).png>]
<../figures/ex2-knn/error_distance.png, id=238, 433.62pt x 289.08pt>
File: ../figures/ex2-knn/error_distance.png Graphic file (type png)
<use ../figures/ex2-knn/error_distance.png>
Package pdftex.def Info: ../figures/ex2-knn/error_distance.png  used on input line 525.
(pdftex.def)             Requested size: 341.43306pt x 227.63405pt.
<../figures/ex2-knn/error_distance_(mid_zoom).png, id=239, 433.62pt x 289.08pt>
File: ../figures/ex2-knn/error_distance_(mid_zoom).png Graphic file (type png)
<use ../figures/ex2-knn/error_distance_(mid_zoom).png>
Package pdftex.def Info: ../figures/ex2-knn/error_distance_(mid_zoom).png  used on input line 532.
(pdftex.def)             Requested size: 341.43306pt x 227.63405pt.
 [11 <../figures/ex2-knn/error_uniform_(full_zoom).png> <../figures/ex2-knn/error_distance.png>]
<../figures/ex2-knn/error_distance_(full_zoom).png, id=248, 433.62pt x 289.08pt>
File: ../figures/ex2-knn/error_distance_(full_zoom).png Graphic file (type png)
<use ../figures/ex2-knn/error_distance_(full_zoom).png>
Package pdftex.def Info: ../figures/ex2-knn/error_distance_(full_zoom).png  used on input line 539.
(pdftex.def)             Requested size: 341.43306pt x 227.63405pt.
Package atveryend Info: Empty hook `BeforeClearDocument' on input line 545.
 [12 <../figures/ex2-knn/error_distance_(mid_zoom).png> <../figures/ex2-knn/error_distance_(full_zoom).png>]
Package atveryend Info: Empty hook `AfterLastShipout' on input line 545.
 (./efc2.aux)
Package atveryend Info: Executing hook `AtVeryEndDocument' on input line 545.
Package atveryend Info: Executing hook `AtEndAfterFileList' on input line 545.
Package rerunfilecheck Info: File `efc2.out' has not changed.
(rerunfilecheck)             Checksum: AB1A0CDA8FD08AF25AEED1398E6E451A;702.
Package atveryend Info: Empty hook `AtVeryVeryEnd' on input line 545.
 ) 
Here is how much of TeX's memory you used:
 8196 strings out of 492623
 127666 string characters out of 6135669
 243475 words of memory out of 5000000
 11928 multiletter control sequences out of 15000+600000
 9490 words of font info for 35 fonts, out of 8000000 for 9000
 1141 hyphenation exceptions out of 8191
 42i,7n,40p,756b,477s stack positions out of 5000i,500n,10000p,200000b,80000s
</usr/share/texmf-dist/fonts/type1/public/amsfonts/cm/cmbx10.pfb></usr/share/texmf-dist/fonts/type1/public/amsfonts/cm/cmbx12.pfb></usr/share/texmf-dist/fonts/type1/public/amsfonts/cm/cmmi10.pfb></usr/share/texmf-dist/fonts/type1/public/amsfonts/cm/cmmi7.pfb></usr/share/texmf-dist/fonts/type1/public/amsfonts/cm/cmr10.pfb></usr/share/texmf-dist/fonts/type1/public/amsfonts/cm/cmr12.pfb></usr/share/texmf-dist/fonts/type1/public/amsfonts/cm/cmr17.pfb></usr/share/texmf-dist/fonts/type1/public/amsfonts/cm/cmr7.pfb></usr/share/texmf-dist/fonts/type1/public/amsfonts/cm/cmr9.pfb></usr/share/texmf-dist/fonts/type1/public/amsfonts/cm/cmsy10.pfb></usr/share/texmf-dist/fonts/type1/public/amsfonts/cm/cmsy7.pfb></usr/share/texmf-dist/fonts/type1/public/amsfonts/cm/cmtt10.pfb>
Output written on efc2.pdf (12 pages, 3246232 bytes).
PDF statistics:
 310 PDF objects out of 1000 (max. 8388607)
 173 compressed objects within 2 object streams
 53 named destinations out of 1000 (max. 500000)
 340 words of extra memory for PDF output out of 10000 (max. 10000000)

