This is pdfTeX, Version 3.14159265-2.6-1.40.20 (TeX Live 2019/Arch Linux) (preloaded format=pdflatex 2019.11.3)  13 NOV 2019 22:48
entering extended mode
 restricted \write18 enabled.
 file:line:error style messages enabled.
 %&-line parsing enabled.
**efc3.tex
(./efc3.tex
LaTeX2e <2019-10-01> patch level 1
(/usr/share/texmf-dist/tex/latex/base/article.cls
Document Class: article 2019/08/27 v1.4j Standard LaTeX document class
(/usr/share/texmf-dist/tex/latex/base/size10.clo
File: size10.clo 2019/08/27 v1.4j Standard LaTeX file (size option)
)
\c@part=\count80
\c@section=\count81
\c@subsection=\count82
\c@subsubsection=\count83
\c@paragraph=\count84
\c@subparagraph=\count85
\c@figure=\count86
\c@table=\count87
\abovecaptionskip=\skip41
\belowcaptionskip=\skip42
\bibindent=\dimen102
) (/usr/share/texmf-dist/tex/latex/amsmath/amsmath.sty
Package: amsmath 2019/04/01 v2.17c AMS math features
\@mathmargin=\skip43

For additional information on amsmath, use the `?' option.
(/usr/share/texmf-dist/tex/latex/amsmath/amstext.sty
Package: amstext 2000/06/29 v2.01 AMS text
 (/usr/share/texmf-dist/tex/latex/amsmath/amsgen.sty
File: amsgen.sty 1999/11/30 v2.0 generic functions
\@emptytoks=\toks14
\ex@=\dimen103
)) (/usr/share/texmf-dist/tex/latex/amsmath/amsbsy.sty
Package: amsbsy 1999/11/29 v1.2d Bold Symbols
\pmbraise@=\dimen104
) (/usr/share/texmf-dist/tex/latex/amsmath/amsopn.sty
Package: amsopn 2016/03/08 v2.02 operator names
)
\inf@bad=\count88
LaTeX Info: Redefining \frac on input line 227.
\uproot@=\count89
\leftroot@=\count90
LaTeX Info: Redefining \overline on input line 389.
\classnum@=\count91
\DOTSCASE@=\count92
LaTeX Info: Redefining \ldots on input line 486.
LaTeX Info: Redefining \dots on input line 489.
LaTeX Info: Redefining \cdots on input line 610.
\Mathstrutbox@=\box27
\strutbox@=\box28
\big@size=\dimen105
LaTeX Font Info:    Redeclaring font encoding OML on input line 733.
LaTeX Font Info:    Redeclaring font encoding OMS on input line 734.
\macc@depth=\count93
\c@MaxMatrixCols=\count94
\dotsspace@=\muskip10
\c@parentequation=\count95
\dspbrk@lvl=\count96
\tag@help=\toks15
\row@=\count97
\column@=\count98
\maxfields@=\count99
\andhelp@=\toks16
\eqnshift@=\dimen106
\alignsep@=\dimen107
\tagshift@=\dimen108
\tagwidth@=\dimen109
\totwidth@=\dimen110
\lineht@=\dimen111
\@envbody=\toks17
\multlinegap=\skip44
\multlinetaggap=\skip45
\mathdisplay@stack=\toks18
LaTeX Info: Redefining \[ on input line 2855.
LaTeX Info: Redefining \] on input line 2856.
) (/usr/share/texmf-dist/tex/latex/base/inputenc.sty
Package: inputenc 2018/08/11 v1.3c Input encoding file
\inpenc@prehook=\toks19
\inpenc@posthook=\toks20
) (/usr/share/texmf-dist/tex/generic/babel/babel.sty
Package: babel 2019/10/15 3.35 The Babel package
 (/usr/share/texmf-dist/tex/generic/babel/switch.def
File: switch.def 2019/10/15 3.35 Babel switching mechanism
) (/usr/share/texmf-dist/tex/generic/babel-english/english.ldf
Language: english 2017/06/06 v3.3r English support from the babel system
 (/usr/share/texmf-dist/tex/generic/babel/babel.def
File: babel.def 2019/10/15 3.35 Babel common definitions
\babel@savecnt=\count100
\U@D=\dimen112
 (/usr/share/texmf-dist/tex/generic/babel/txtbabel.def)
\bbl@dirlevel=\count101
)
\l@canadian = a dialect from \language\l@american 
\l@australian = a dialect from \language\l@british 
\l@newzealand = a dialect from \language\l@british 
)) (/usr/share/texmf-dist/tex/latex/graphics/graphicx.sty
Package: graphicx 2017/06/01 v1.1a Enhanced LaTeX Graphics (DPC,SPQR)
 (/usr/share/texmf-dist/tex/latex/graphics/keyval.sty
Package: keyval 2014/10/28 v1.15 key=value parser (DPC)
\KV@toks@=\toks21
) (/usr/share/texmf-dist/tex/latex/graphics/graphics.sty
Package: graphics 2019/10/08 v1.3c Standard LaTeX Graphics (DPC,SPQR)
 (/usr/share/texmf-dist/tex/latex/graphics/trig.sty
Package: trig 2016/01/03 v1.10 sin cos tan (DPC)
) (/usr/share/texmf-dist/tex/latex/graphics-cfg/graphics.cfg
File: graphics.cfg 2016/06/04 v1.11 sample graphics configuration
)
Package graphics Info: Driver file: pdftex.def on input line 105.
 (/usr/share/texmf-dist/tex/latex/graphics-def/pdftex.def
File: pdftex.def 2018/01/08 v1.0l Graphics/color driver for pdftex
))
\Gin@req@height=\dimen113
\Gin@req@width=\dimen114
) (/usr/share/texmf-dist/tex/latex/caption/subcaption.sty
Package: subcaption 2019/09/01 v1.3a Sub-captions (AR)
 (/usr/share/texmf-dist/tex/latex/caption/caption.sty
Package: caption 2019/09/01 v3.3d Customizing captions (AR)
 (/usr/share/texmf-dist/tex/latex/caption/caption3.sty
Package: caption3 2019/09/01 v1.8d caption3 kernel (AR)
Package caption3 Info: TeX engine: e-TeX on input line 64.
\captionmargin=\dimen115
\captionmargin@=\dimen116
\captionwidth=\dimen117
\caption@tempdima=\dimen118
\caption@indent=\dimen119
\caption@parindent=\dimen120
\caption@hangindent=\dimen121
)
\c@caption@flags=\count102
\c@ContinuedFloat=\count103
)
\c@subfigure=\count104
\c@subtable=\count105
) (/usr/share/texmf-dist/tex/latex/hyperref/hyperref.sty
Package: hyperref 2019/09/28 v7.00a Hypertext links for LaTeX
 (/usr/share/texmf-dist/tex/generic/oberdiek/hobsub-hyperref.sty
Package: hobsub-hyperref 2016/05/16 v1.14 Bundle oberdiek, subset hyperref (HO)
 (/usr/share/texmf-dist/tex/generic/oberdiek/hobsub-generic.sty
Package: hobsub-generic 2016/05/16 v1.14 Bundle oberdiek, subset generic (HO)
Package: hobsub 2016/05/16 v1.14 Construct package bundles (HO)
Package: infwarerr 2016/05/16 v1.4 Providing info/warning/error messages (HO)
Package: ltxcmds 2016/05/16 v1.23 LaTeX kernel commands for general use (HO)
Package: ifluatex 2016/05/16 v1.4 Provides the ifluatex switch (HO)
Package ifluatex Info: LuaTeX not detected.
Package: ifvtex 2016/05/16 v1.6 Detect VTeX and its facilities (HO)
Package ifvtex Info: VTeX not detected.
Package: intcalc 2016/05/16 v1.2 Expandable calculations with integers (HO)
Package: ifpdf 2018/09/07 v3.3 Provides the ifpdf switch
Package: etexcmds 2016/05/16 v1.6 Avoid name clashes with e-TeX commands (HO)
Package: kvsetkeys 2016/05/16 v1.17 Key value parser (HO)
Package: kvdefinekeys 2016/05/16 v1.4 Define keys (HO)
Package: pdftexcmds 2019/07/25 v0.30 Utility functions of pdfTeX for LuaTeX (HO)
Package pdftexcmds Info: LuaTeX not detected.
Package pdftexcmds Info: \pdf@primitive is available.
Package pdftexcmds Info: \pdf@ifprimitive is available.
Package pdftexcmds Info: \pdfdraftmode found.
Package: pdfescape 2016/05/16 v1.14 Implements pdfTeX's escape features (HO)
Package: bigintcalc 2016/05/16 v1.4 Expandable calculations on big integers (HO)
Package: bitset 2016/05/16 v1.2 Handle bit-vector datatype (HO)
Package: uniquecounter 2016/05/16 v1.3 Provide unlimited unique counter (HO)
)
Package hobsub Info: Skipping package `hobsub' (already loaded).
Package: letltxmacro 2016/05/16 v1.5 Let assignment for LaTeX macros (HO)
Package: hopatch 2016/05/16 v1.3 Wrapper for package hooks (HO)
Package: xcolor-patch 2016/05/16 xcolor patch
Package: atveryend 2016/05/16 v1.9 Hooks at the very end of document (HO)
Package atveryend Info: \enddocument detected (standard20110627).
Package: atbegshi 2016/06/09 v1.18 At begin shipout hook (HO)
Package: refcount 2016/05/16 v3.5 Data extraction from label references (HO)
Package: hycolor 2016/05/16 v1.8 Color options for hyperref/bookmark (HO)
) (/usr/share/texmf-dist/tex/generic/ifxetex/ifxetex.sty
Package: ifxetex 2010/09/12 v0.6 Provides ifxetex conditional
) (/usr/share/texmf-dist/tex/latex/oberdiek/auxhook.sty
Package: auxhook 2016/05/16 v1.4 Hooks for auxiliary files (HO)
) (/usr/share/texmf-dist/tex/latex/oberdiek/kvoptions.sty
Package: kvoptions 2016/05/16 v3.12 Key value format for package options (HO)
)
\@linkdim=\dimen122
\Hy@linkcounter=\count106
\Hy@pagecounter=\count107
 (/usr/share/texmf-dist/tex/latex/hyperref/pd1enc.def
File: pd1enc.def 2019/09/28 v7.00a Hyperref: PDFDocEncoding definition (HO)
Now handling font encoding PD1 ...
... no UTF-8 mapping file for font encoding PD1
)
\Hy@SavedSpaceFactor=\count108
 (/usr/share/texmf-dist/tex/latex/latexconfig/hyperref.cfg
File: hyperref.cfg 2002/06/06 v1.2 hyperref configuration of TeXLive
)
Package hyperref Info: Hyper figures OFF on input line 4540.
Package hyperref Info: Link nesting OFF on input line 4545.
Package hyperref Info: Hyper index ON on input line 4548.
Package hyperref Info: Plain pages OFF on input line 4555.
Package hyperref Info: Backreferencing OFF on input line 4560.
Package hyperref Info: Implicit mode ON; LaTeX internals redefined.
Package hyperref Info: Bookmarks ON on input line 4793.
\c@Hy@tempcnt=\count109
 (/usr/share/texmf-dist/tex/latex/url/url.sty
\Urlmuskip=\muskip11
Package: url 2013/09/16  ver 3.4  Verb mode for urls, etc.
)
LaTeX Info: Redefining \url on input line 5152.
\XeTeXLinkMargin=\dimen123
\Fld@menulength=\count110
\Field@Width=\dimen124
\Fld@charsize=\dimen125
Package hyperref Info: Hyper figures OFF on input line 6423.
Package hyperref Info: Link nesting OFF on input line 6428.
Package hyperref Info: Hyper index ON on input line 6431.
Package hyperref Info: backreferencing OFF on input line 6438.
Package hyperref Info: Link coloring OFF on input line 6443.
Package hyperref Info: Link coloring with OCG OFF on input line 6448.
Package hyperref Info: PDF/A mode OFF on input line 6453.
LaTeX Info: Redefining \ref on input line 6493.
LaTeX Info: Redefining \pageref on input line 6497.
\Hy@abspage=\count111
\c@Item=\count112
\c@Hfootnote=\count113
)
Package hyperref Info: Driver (autodetected): hpdftex.
 (/usr/share/texmf-dist/tex/latex/hyperref/hpdftex.def
File: hpdftex.def 2019/09/28 v7.00a Hyperref driver for pdfTeX
\Fld@listcount=\count114
\c@bookmark@seq@number=\count115
 (/usr/share/texmf-dist/tex/latex/oberdiek/rerunfilecheck.sty
Package: rerunfilecheck 2016/05/16 v1.8 Rerun checks for auxiliary files (HO)
Package uniquecounter Info: New unique counter `rerunfilecheck' on input line 282.
)
\Hy@SectionHShift=\skip46
) (/usr/share/texmf-dist/tex/latex/float/float.sty
Package: float 2001/11/08 v1.3d Float enhancements (AL)
\c@float@type=\count116
\float@exts=\toks22
\float@box=\box29
\@float@everytoks=\toks23
\@floatcapt=\box30
) (/usr/share/texmf-dist/tex/latex/geometry/geometry.sty
Package: geometry 2018/04/16 v5.8 Page Geometry
\Gm@cnth=\count117
\Gm@cntv=\count118
\c@Gm@tempcnt=\count119
\Gm@bindingoffset=\dimen126
\Gm@wd@mp=\dimen127
\Gm@odd@mp=\dimen128
\Gm@even@mp=\dimen129
\Gm@layoutwidth=\dimen130
\Gm@layoutheight=\dimen131
\Gm@layouthoffset=\dimen132
\Gm@layoutvoffset=\dimen133
\Gm@dimlist=\toks24
) (/usr/share/texmf-dist/tex/latex/ragged2e/ragged2e.sty
Package: ragged2e 2019/07/28 v2.2 ragged2e Package (MS)
 (/usr/share/texmf-dist/tex/latex/ms/everysel.sty
Package: everysel 2011/10/28 v1.2 EverySelectfont Package (MS)
)
\CenteringLeftskip=\skip47
\RaggedLeftLeftskip=\skip48
\RaggedRightLeftskip=\skip49
\CenteringRightskip=\skip50
\RaggedLeftRightskip=\skip51
\RaggedRightRightskip=\skip52
\CenteringParfillskip=\skip53
\RaggedLeftParfillskip=\skip54
\RaggedRightParfillskip=\skip55
\JustifyingParfillskip=\skip56
\CenteringParindent=\skip57
\RaggedLeftParindent=\skip58
\RaggedRightParindent=\skip59
\JustifyingParindent=\skip60
) (./efc3.aux)
\openout1 = `efc3.aux'.

LaTeX Font Info:    Checking defaults for OML/cmm/m/it on input line 28.
LaTeX Font Info:    ... okay on input line 28.
LaTeX Font Info:    Checking defaults for T1/cmr/m/n on input line 28.
LaTeX Font Info:    ... okay on input line 28.
LaTeX Font Info:    Checking defaults for OT1/cmr/m/n on input line 28.
LaTeX Font Info:    ... okay on input line 28.
LaTeX Font Info:    Checking defaults for OMS/cmsy/m/n on input line 28.
LaTeX Font Info:    ... okay on input line 28.
LaTeX Font Info:    Checking defaults for OMX/cmex/m/n on input line 28.
LaTeX Font Info:    ... okay on input line 28.
LaTeX Font Info:    Checking defaults for U/cmr/m/n on input line 28.
LaTeX Font Info:    ... okay on input line 28.
LaTeX Font Info:    Checking defaults for PD1/pdf/m/n on input line 28.
LaTeX Font Info:    ... okay on input line 28.
 (/usr/share/texmf-dist/tex/context/base/mkii/supp-pdf.mkii
[Loading MPS to PDF converter (version 2006.09.02).]
\scratchcounter=\count120
\scratchdimen=\dimen134
\scratchbox=\box31
\nofMPsegments=\count121
\nofMParguments=\count122
\everyMPshowfont=\toks25
\MPscratchCnt=\count123
\MPscratchDim=\dimen135
\MPnumerator=\count124
\makeMPintoPDFobject=\count125
\everyMPtoPDFconversion=\toks26
) (/usr/share/texmf-dist/tex/latex/oberdiek/epstopdf-base.sty
Package: epstopdf-base 2016/05/15 v2.6 Base part for package epstopdf
 (/usr/share/texmf-dist/tex/latex/oberdiek/grfext.sty
Package: grfext 2016/05/16 v1.2 Manage graphics extensions (HO)
)
Package epstopdf-base Info: Redefining graphics rule for `.eps' on input line 438.
Package grfext Info: Graphics extension search list:
(grfext)             [.pdf,.png,.jpg,.mps,.jpeg,.jbig2,.jb2,.PDF,.PNG,.JPG,.JPEG,.JBIG2,.JB2,.eps]
(grfext)             \AppendGraphicsExtensions on input line 456.
 (/usr/share/texmf-dist/tex/latex/latexconfig/epstopdf-sys.cfg
File: epstopdf-sys.cfg 2010/07/13 v1.3 Configuration of (r)epstopdf for TeX Live
))
Package caption Info: Begin \AtBeginDocument code.
Package caption Info: float package is loaded.
Package caption Info: hyperref package is loaded.
Package caption Info: End \AtBeginDocument code.
\AtBeginShipoutBox=\box32
Package hyperref Info: Link coloring OFF on input line 28.
 (/usr/share/texmf-dist/tex/latex/hyperref/nameref.sty
Package: nameref 2019/09/16 v2.46 Cross-referencing by name of section
 (/usr/share/texmf-dist/tex/generic/oberdiek/gettitlestring.sty
Package: gettitlestring 2016/05/16 v1.5 Cleanup title references (HO)
)
\c@section@level=\count126
)
LaTeX Info: Redefining \ref on input line 28.
LaTeX Info: Redefining \pageref on input line 28.
LaTeX Info: Redefining \nameref on input line 28.
 (./efc3.out) (./efc3.out)
\@outlinefile=\write3
\openout3 = `efc3.out'.


*geometry* driver: auto-detecting
*geometry* detected driver: pdftex
*geometry* verbose mode - [ preamble ] result:
* driver: pdftex
* paper: a4paper
* layout: <same size as paper>
* layoutoffset:(h,v)=(0.0pt,0.0pt)
* modes: 
* h-part:(L,W,R)=(72.26999pt, 452.9679pt, 72.26999pt)
* v-part:(T,H,B)=(72.26999pt, 700.50687pt, 72.26999pt)
* \paperwidth=597.50787pt
* \paperheight=845.04684pt
* \textwidth=452.9679pt
* \textheight=700.50687pt
* \oddsidemargin=0.0pt
* \evensidemargin=0.0pt
* \topmargin=-37.0pt
* \headheight=12.0pt
* \headsep=25.0pt
* \topskip=10.0pt
* \footskip=30.0pt
* \marginparwidth=57.0pt
* \marginparsep=11.0pt
* \columnsep=10.0pt
* \skip\footins=9.0pt plus 4.0pt minus 2.0pt
* \hoffset=0.0pt
* \voffset=0.0pt
* \mag=1000
* \@twocolumnfalse
* \@twosidefalse
* \@mparswitchfalse
* \@reversemarginfalse
* (1in=72.27pt=25.4mm, 1cm=28.453pt)

ABD: EverySelectfont initializing macros
LaTeX Info: Redefining \selectfont on input line 28.
<../figures/unicamp.png, id=52, 481.8pt x 481.8pt>
File: ../figures/unicamp.png Graphic file (type png)
<use ../figures/unicamp.png>
Package pdftex.def Info: ../figures/unicamp.png  used on input line 35.
(pdftex.def)             Requested size: 42.67912pt x 42.67642pt.
<../figures/feec.jpg, id=54, 863.225pt x 357.335pt>
File: ../figures/feec.jpg Graphic file (type jpg)
<use ../figures/feec.jpg>
Package pdftex.def Info: ../figures/feec.jpg  used on input line 42.
(pdftex.def)             Requested size: 42.67912pt x 17.66605pt.
 [1

{/var/lib/texmf/fonts/map/pdftex/updmap/pdftex.map} <../figures/unicamp.png> <../figures/feec.jpg>]
LaTeX Font Info:    Font shape `OT1/cmtt/bx/n' in size <10> not available
(Font)              Font shape `OT1/cmtt/m/n' tried instead on input line 63.
LaTeX Font Info:    Trying to load font information for OMS+cmr on input line 64.
 (/usr/share/texmf-dist/tex/latex/base/omscmr.fd
File: omscmr.fd 2014/09/29 v2.5h Standard LaTeX font definitions
)
LaTeX Font Info:    Font shape `OMS/cmr/m/n' in size <10> not available
(Font)              Font shape `OMS/cmsy/m/n' tried instead on input line 64.
 [2]
<../figures/mlp/raw_data.png, id=84, 433.62pt x 289.08pt>
File: ../figures/mlp/raw_data.png Graphic file (type png)
<use ../figures/mlp/raw_data.png>
Package pdftex.def Info: ../figures/mlp/raw_data.png  used on input line 164.
(pdftex.def)             Requested size: 341.43306pt x 227.63405pt.
 [3]
<../figures/mlp/training_validation_loss.png, id=93, 433.62pt x 289.08pt>
File: ../figures/mlp/training_validation_loss.png Graphic file (type png)
<use ../figures/mlp/training_validation_loss.png>
Package pdftex.def Info: ../figures/mlp/training_validation_loss.png  used on input line 171.
(pdftex.def)             Requested size: 341.43306pt x 227.63405pt.
<../figures/mlp/ROC_curve.png, id=96, 433.62pt x 289.08pt>
File: ../figures/mlp/ROC_curve.png Graphic file (type png)
<use ../figures/mlp/ROC_curve.png>
Package pdftex.def Info: ../figures/mlp/ROC_curve.png  used on input line 180.
(pdftex.def)             Requested size: 341.43306pt x 227.63405pt.
 [4 <../figures/mlp/raw_data.png> <../figures/mlp/training_validation_loss.png>]
<../figures/mlp/mlp_decision_region.png, id=107, 433.62pt x 289.08pt>
File: ../figures/mlp/mlp_decision_region.png Graphic file (type png)
<use ../figures/mlp/mlp_decision_region.png>
Package pdftex.def Info: ../figures/mlp/mlp_decision_region.png  used on input line 193.
(pdftex.def)             Requested size: 341.43306pt x 227.63405pt.
<../figures/mlp/mlp_test_set_output.png, id=109, 433.62pt x 289.08pt>
File: ../figures/mlp/mlp_test_set_output.png Graphic file (type png)
<use ../figures/mlp/mlp_test_set_output.png>
Package pdftex.def Info: ../figures/mlp/mlp_test_set_output.png  used on input line 206.
(pdftex.def)             Requested size: 341.43306pt x 227.63405pt.
 [5 <../figures/mlp/ROC_curve.png> <../figures/mlp/mlp_decision_region.png>]
<../figures/mlp/decision_regions_5.png, id=121, 433.62pt x 289.08pt>
File: ../figures/mlp/decision_regions_5.png Graphic file (type png)
<use ../figures/mlp/decision_regions_5.png>
Package pdftex.def Info: ../figures/mlp/decision_regions_5.png  used on input line 226.
(pdftex.def)             Requested size: 109.54327pt x 73.0285pt.
<../figures/mlp/decision_regions_25.png, id=122, 433.62pt x 289.08pt>
File: ../figures/mlp/decision_regions_25.png Graphic file (type png)
<use ../figures/mlp/decision_regions_25.png>
Package pdftex.def Info: ../figures/mlp/decision_regions_25.png  used on input line 234.
(pdftex.def)             Requested size: 109.54327pt x 73.0285pt.
<../figures/mlp/decision_regions_75.png, id=123, 433.62pt x 289.08pt>
File: ../figures/mlp/decision_regions_75.png Graphic file (type png)
<use ../figures/mlp/decision_regions_75.png>
Package pdftex.def Info: ../figures/mlp/decision_regions_75.png  used on input line 242.
(pdftex.def)             Requested size: 109.54327pt x 73.0285pt.
<../figures/mlp/decision_regions_100.png, id=124, 433.62pt x 289.08pt>
File: ../figures/mlp/decision_regions_100.png Graphic file (type png)
<use ../figures/mlp/decision_regions_100.png>
Package pdftex.def Info: ../figures/mlp/decision_regions_100.png  used on input line 250.
(pdftex.def)             Requested size: 109.54327pt x 73.0285pt.
<../figures/mlp/decision_regions_300.png, id=125, 433.62pt x 289.08pt>
File: ../figures/mlp/decision_regions_300.png Graphic file (type png)
<use ../figures/mlp/decision_regions_300.png>
Package pdftex.def Info: ../figures/mlp/decision_regions_300.png  used on input line 258.
(pdftex.def)             Requested size: 109.54327pt x 73.0285pt.
<../figures/mlp/decision_regions_1000.png, id=126, 433.62pt x 289.08pt>
File: ../figures/mlp/decision_regions_1000.png Graphic file (type png)
<use ../figures/mlp/decision_regions_1000.png>
Package pdftex.def Info: ../figures/mlp/decision_regions_1000.png  used on input line 266.
(pdftex.def)             Requested size: 109.54327pt x 73.0285pt.
<../figures/mlp/decision_regions_5000.png, id=127, 433.62pt x 289.08pt>
File: ../figures/mlp/decision_regions_5000.png Graphic file (type png)
<use ../figures/mlp/decision_regions_5000.png>
Package pdftex.def Info: ../figures/mlp/decision_regions_5000.png  used on input line 274.
(pdftex.def)             Requested size: 109.54327pt x 73.0285pt.
<../figures/mlp/ROC_5.png, id=128, 433.62pt x 289.08pt>
File: ../figures/mlp/ROC_5.png Graphic file (type png)
<use ../figures/mlp/ROC_5.png>
Package pdftex.def Info: ../figures/mlp/ROC_5.png  used on input line 292.
(pdftex.def)             Requested size: 109.54327pt x 73.0285pt.
<../figures/mlp/ROC_25.png, id=129, 433.62pt x 289.08pt>
File: ../figures/mlp/ROC_25.png Graphic file (type png)
<use ../figures/mlp/ROC_25.png>
Package pdftex.def Info: ../figures/mlp/ROC_25.png  used on input line 300.
(pdftex.def)             Requested size: 109.54327pt x 73.0285pt.
<../figures/mlp/ROC_75.png, id=130, 433.62pt x 289.08pt>
File: ../figures/mlp/ROC_75.png Graphic file (type png)
<use ../figures/mlp/ROC_75.png>
Package pdftex.def Info: ../figures/mlp/ROC_75.png  used on input line 308.
(pdftex.def)             Requested size: 109.54327pt x 73.0285pt.
<../figures/mlp/ROC_100.png, id=131, 433.62pt x 289.08pt>
File: ../figures/mlp/ROC_100.png Graphic file (type png)
<use ../figures/mlp/ROC_100.png>
Package pdftex.def Info: ../figures/mlp/ROC_100.png  used on input line 316.
(pdftex.def)             Requested size: 109.54327pt x 73.0285pt.
<../figures/mlp/ROC_300.png, id=132, 433.62pt x 289.08pt>
File: ../figures/mlp/ROC_300.png Graphic file (type png)
<use ../figures/mlp/ROC_300.png>
Package pdftex.def Info: ../figures/mlp/ROC_300.png  used on input line 324.
(pdftex.def)             Requested size: 109.54327pt x 73.0285pt.
<../figures/mlp/ROC_1000.png, id=133, 433.62pt x 289.08pt>
File: ../figures/mlp/ROC_1000.png Graphic file (type png)
<use ../figures/mlp/ROC_1000.png>
Package pdftex.def Info: ../figures/mlp/ROC_1000.png  used on input line 332.
(pdftex.def)             Requested size: 109.54327pt x 73.0285pt.
<../figures/mlp/ROC_5000.png, id=134, 433.62pt x 289.08pt>
File: ../figures/mlp/ROC_5000.png Graphic file (type png)
<use ../figures/mlp/ROC_5000.png>
Package pdftex.def Info: ../figures/mlp/ROC_5000.png  used on input line 340.
(pdftex.def)             Requested size: 109.54327pt x 73.0285pt.
 [6 <../figures/mlp/mlp_test_set_output.png> <../figures/mlp/decision_regions_5.png> <../figures/mlp/decision_regions_25.png> <../figures/mlp/decision_regions_75.png> <../figures/mlp/decision_regions_100.png> <../figures/mlp/decision_regions_300.png> <../figures/mlp/decision_regions_1000.png> <../figures/mlp/decision_regions_5000.png>]
<../figures/mlp/ROC_comparasion.png, id=152, 433.62pt x 289.08pt>
File: ../figures/mlp/ROC_comparasion.png Graphic file (type png)
<use ../figures/mlp/ROC_comparasion.png>
Package pdftex.def Info: ../figures/mlp/ROC_comparasion.png  used on input line 357.
(pdftex.def)             Requested size: 341.43306pt x 227.63405pt.
 [7 <../figures/mlp/ROC_5.png> <../figures/mlp/ROC_25.png> <../figures/mlp/ROC_75.png> <../figures/mlp/ROC_100.png> <../figures/mlp/ROC_300.png> <../figures/mlp/ROC_1000.png> <../figures/mlp/ROC_5000.png> <../figures/mlp/ROC_comparasion.png>] [8]
<../figures/svm/svm_decision_region.png, id=179, 433.62pt x 289.08pt>
File: ../figures/svm/svm_decision_region.png Graphic file (type png)
<use ../figures/svm/svm_decision_region.png>
Package pdftex.def Info: ../figures/svm/svm_decision_region.png  used on input line 399.
(pdftex.def)             Requested size: 341.43306pt x 227.63405pt.
<../figures/svm/support_vectors.png, id=180, 433.62pt x 289.08pt>
File: ../figures/svm/support_vectors.png Graphic file (type png)
<use ../figures/svm/support_vectors.png>
Package pdftex.def Info: ../figures/svm/support_vectors.png  used on input line 406.
(pdftex.def)             Requested size: 341.43306pt x 227.63405pt.
<../figures/svm/svm_test_set_output.png, id=183, 433.62pt x 289.08pt>
File: ../figures/svm/svm_test_set_output.png Graphic file (type png)
<use ../figures/svm/svm_test_set_output.png>
Package pdftex.def Info: ../figures/svm/svm_test_set_output.png  used on input line 419.
(pdftex.def)             Requested size: 341.43306pt x 227.63405pt.
 [9 <../figures/svm/svm_decision_region.png> <../figures/svm/support_vectors.png>]
<../figures/svm/decision_region_C_0d1.png, id=195, 433.62pt x 289.08pt>
File: ../figures/svm/decision_region_C_0d1.png Graphic file (type png)
<use ../figures/svm/decision_region_C_0d1.png>
Package pdftex.def Info: ../figures/svm/decision_region_C_0d1.png  used on input line 441.
(pdftex.def)             Requested size: 199.16928pt x 132.7799pt.
<../figures/svm/support_vectors_C_0d1.png, id=196, 433.62pt x 289.08pt>
File: ../figures/svm/support_vectors_C_0d1.png Graphic file (type png)
<use ../figures/svm/support_vectors_C_0d1.png>
Package pdftex.def Info: ../figures/svm/support_vectors_C_0d1.png  used on input line 449.
(pdftex.def)             Requested size: 199.16928pt x 132.7799pt.
<../figures/svm/decision_region_C_1.png, id=197, 433.62pt x 289.08pt>
File: ../figures/svm/decision_region_C_1.png Graphic file (type png)
<use ../figures/svm/decision_region_C_1.png>
Package pdftex.def Info: ../figures/svm/decision_region_C_1.png  used on input line 457.
(pdftex.def)             Requested size: 199.16928pt x 132.7799pt.
<../figures/svm/support_vectors_C_1.png, id=198, 433.62pt x 289.08pt>
File: ../figures/svm/support_vectors_C_1.png Graphic file (type png)
<use ../figures/svm/support_vectors_C_1.png>
Package pdftex.def Info: ../figures/svm/support_vectors_C_1.png  used on input line 465.
(pdftex.def)             Requested size: 199.16928pt x 132.7799pt.
<../figures/svm/decision_region_C_20.png, id=199, 433.62pt x 289.08pt>
File: ../figures/svm/decision_region_C_20.png Graphic file (type png)
<use ../figures/svm/decision_region_C_20.png>
Package pdftex.def Info: ../figures/svm/decision_region_C_20.png  used on input line 473.
(pdftex.def)             Requested size: 199.16928pt x 132.7799pt.
<../figures/svm/support_vectors_C_20.png, id=200, 433.62pt x 289.08pt>
File: ../figures/svm/support_vectors_C_20.png Graphic file (type png)
<use ../figures/svm/support_vectors_C_20.png>
Package pdftex.def Info: ../figures/svm/support_vectors_C_20.png  used on input line 481.
(pdftex.def)             Requested size: 199.16928pt x 132.7799pt.
<../figures/svm/decision_region_C_1000.png, id=201, 433.62pt x 289.08pt>
File: ../figures/svm/decision_region_C_1000.png Graphic file (type png)
<use ../figures/svm/decision_region_C_1000.png>
Package pdftex.def Info: ../figures/svm/decision_region_C_1000.png  used on input line 489.
(pdftex.def)             Requested size: 199.16928pt x 132.7799pt.
<../figures/svm/support_vectors_C_1000.png, id=202, 433.62pt x 289.08pt>
File: ../figures/svm/support_vectors_C_1000.png Graphic file (type png)
<use ../figures/svm/support_vectors_C_1000.png>
Package pdftex.def Info: ../figures/svm/support_vectors_C_1000.png  used on input line 497.
(pdftex.def)             Requested size: 199.16928pt x 132.7799pt.
 [10 <../figures/svm/svm_test_set_output.png>] [11 <../figures/svm/decision_region_C_0d1.png> <../figures/svm/support_vectors_C_0d1.png> <../figures/svm/decision_region_C_1.png> <../figures/svm/support_vectors_C_1.png> <../figures/svm/decision_region_C_20.png> <../figures/svm/support_vectors_C_20.png> <../figures/svm/decision_region_C_1000.png> <../figures/svm/support_vectors_C_1000.png>]
<../figures/svm/decision_region_gamma_0d1.png, id=225, 433.62pt x 289.08pt>
File: ../figures/svm/decision_region_gamma_0d1.png Graphic file (type png)
<use ../figures/svm/decision_region_gamma_0d1.png>
Package pdftex.def Info: ../figures/svm/decision_region_gamma_0d1.png  used on input line 524.
(pdftex.def)             Requested size: 199.16928pt x 132.7799pt.
<../figures/svm/support_vectors_gamma_0d1.png, id=226, 433.62pt x 289.08pt>
File: ../figures/svm/support_vectors_gamma_0d1.png Graphic file (type png)
<use ../figures/svm/support_vectors_gamma_0d1.png>
Package pdftex.def Info: ../figures/svm/support_vectors_gamma_0d1.png  used on input line 532.
(pdftex.def)             Requested size: 199.16928pt x 132.7799pt.
<../figures/svm/decision_region_gamma_1.png, id=227, 433.62pt x 289.08pt>
File: ../figures/svm/decision_region_gamma_1.png Graphic file (type png)
<use ../figures/svm/decision_region_gamma_1.png>
Package pdftex.def Info: ../figures/svm/decision_region_gamma_1.png  used on input line 540.
(pdftex.def)             Requested size: 199.16928pt x 132.7799pt.
<../figures/svm/support_vectors_gamma_1.png, id=228, 433.62pt x 289.08pt>
File: ../figures/svm/support_vectors_gamma_1.png Graphic file (type png)
<use ../figures/svm/support_vectors_gamma_1.png>
Package pdftex.def Info: ../figures/svm/support_vectors_gamma_1.png  used on input line 548.
(pdftex.def)             Requested size: 199.16928pt x 132.7799pt.
<../figures/svm/decision_region_gamma_10.png, id=229, 433.62pt x 289.08pt>
File: ../figures/svm/decision_region_gamma_10.png Graphic file (type png)
<use ../figures/svm/decision_region_gamma_10.png>
Package pdftex.def Info: ../figures/svm/decision_region_gamma_10.png  used on input line 572.
(pdftex.def)             Requested size: 199.16928pt x 132.7799pt.
<../figures/svm/support_vectors_gamma_10.png, id=230, 433.62pt x 289.08pt>
File: ../figures/svm/support_vectors_gamma_10.png Graphic file (type png)
<use ../figures/svm/support_vectors_gamma_10.png>
Package pdftex.def Info: ../figures/svm/support_vectors_gamma_10.png  used on input line 580.
(pdftex.def)             Requested size: 199.16928pt x 132.7799pt.
Package atveryend Info: Empty hook `BeforeClearDocument' on input line 594.
 [12 <../figures/svm/decision_region_gamma_0d1.png> <../figures/svm/support_vectors_gamma_0d1.png> <../figures/svm/decision_region_gamma_1.png> <../figures/svm/support_vectors_gamma_1.png> <../figures/svm/decision_region_gamma_10.png> <../figures/svm/support_vectors_gamma_10.png>] [13]
Package atveryend Info: Empty hook `AfterLastShipout' on input line 594.
 (./efc3.aux)
Package atveryend Info: Executing hook `AtVeryEndDocument' on input line 594.
Package atveryend Info: Executing hook `AtEndAfterFileList' on input line 594.
Package rerunfilecheck Info: File `efc3.out' has not changed.
(rerunfilecheck)             Checksum: 9B0482453CCC3F537534069335B73089;1040.
Package atveryend Info: Empty hook `AtVeryVeryEnd' on input line 594.
 ) 
Here is how much of TeX's memory you used:
 8377 strings out of 492167
 130312 string characters out of 6131558
 243590 words of memory out of 5000000
 12600 multiletter control sequences out of 15000+600000
 9490 words of font info for 35 fonts, out of 8000000 for 9000
 1141 hyphenation exceptions out of 8191
 45i,9n,46p,1280b,477s stack positions out of 5000i,500n,10000p,200000b,80000s
</usr/share/texmf-dist/fonts/type1/public/amsfonts/cm/cmbx10.pfb></usr/share/texmf-dist/fonts/type1/public/amsfonts/cm/cmbx12.pfb></usr/share/texmf-dist/fonts/type1/public/amsfonts/cm/cmex10.pfb></usr/share/texmf-dist/fonts/type1/public/amsfonts/cm/cmmi10.pfb></usr/share/texmf-dist/fonts/type1/public/amsfonts/cm/cmr10.pfb></usr/share/texmf-dist/fonts/type1/public/amsfonts/cm/cmr12.pfb></usr/share/texmf-dist/fonts/type1/public/amsfonts/cm/cmr17.pfb></usr/share/texmf-dist/fonts/type1/public/amsfonts/cm/cmr7.pfb></usr/share/texmf-dist/fonts/type1/public/amsfonts/cm/cmr9.pfb></usr/share/texmf-dist/fonts/type1/public/amsfonts/cm/cmsy10.pfb></usr/share/texmf-dist/fonts/type1/public/amsfonts/cm/cmtt10.pfb>
Output written on efc3.pdf (13 pages, 3071348 bytes).
PDF statistics:
 303 PDF objects out of 1000 (max. 8388607)
 198 compressed objects within 2 object streams
 61 named destinations out of 1000 (max. 500000)
 292 words of extra memory for PDF output out of 10000 (max. 10000000)

