This is pdfTeX, Version 3.14159265-2.6-1.40.20 (TeX Live 2019/Arch Linux) (preloaded format=pdflatex 2019.9.28)  29 SEP 2019 23:56
entering extended mode
 restricted \write18 enabled.
 file:line:error style messages enabled.
 %&-line parsing enabled.
**efc1.tex
(./efc1.tex
LaTeX2e <2018-12-01>
(/usr/share/texmf-dist/tex/latex/base/article.cls
Document Class: article 2018/09/03 v1.4i Standard LaTeX document class
(/usr/share/texmf-dist/tex/latex/base/size10.clo
File: size10.clo 2018/09/03 v1.4i Standard LaTeX file (size option)
)
\c@part=\count80
\c@section=\count81
\c@subsection=\count82
\c@subsubsection=\count83
\c@paragraph=\count84
\c@subparagraph=\count85
\c@figure=\count86
\c@table=\count87
\abovecaptionskip=\skip41
\belowcaptionskip=\skip42
\bibindent=\dimen102
) (/usr/share/texmf-dist/tex/latex/amsmath/amsmath.sty
Package: amsmath 2018/12/01 v2.17b AMS math features
\@mathmargin=\skip43

For additional information on amsmath, use the `?' option.
(/usr/share/texmf-dist/tex/latex/amsmath/amstext.sty
Package: amstext 2000/06/29 v2.01 AMS text
 (/usr/share/texmf-dist/tex/latex/amsmath/amsgen.sty
File: amsgen.sty 1999/11/30 v2.0 generic functions
\@emptytoks=\toks14
\ex@=\dimen103
)) (/usr/share/texmf-dist/tex/latex/amsmath/amsbsy.sty
Package: amsbsy 1999/11/29 v1.2d Bold Symbols
\pmbraise@=\dimen104
) (/usr/share/texmf-dist/tex/latex/amsmath/amsopn.sty
Package: amsopn 2016/03/08 v2.02 operator names
)
\inf@bad=\count88
LaTeX Info: Redefining \frac on input line 223.
\uproot@=\count89
\leftroot@=\count90
LaTeX Info: Redefining \overline on input line 385.
\classnum@=\count91
\DOTSCASE@=\count92
LaTeX Info: Redefining \ldots on input line 482.
LaTeX Info: Redefining \dots on input line 485.
LaTeX Info: Redefining \cdots on input line 606.
\Mathstrutbox@=\box27
\strutbox@=\box28
\big@size=\dimen105
LaTeX Font Info:    Redeclaring font encoding OML on input line 729.
LaTeX Font Info:    Redeclaring font encoding OMS on input line 730.
\macc@depth=\count93
\c@MaxMatrixCols=\count94
\dotsspace@=\muskip10
\c@parentequation=\count95
\dspbrk@lvl=\count96
\tag@help=\toks15
\row@=\count97
\column@=\count98
\maxfields@=\count99
\andhelp@=\toks16
\eqnshift@=\dimen106
\alignsep@=\dimen107
\tagshift@=\dimen108
\tagwidth@=\dimen109
\totwidth@=\dimen110
\lineht@=\dimen111
\@envbody=\toks17
\multlinegap=\skip44
\multlinetaggap=\skip45
\mathdisplay@stack=\toks18
LaTeX Info: Redefining \[ on input line 2844.
LaTeX Info: Redefining \] on input line 2845.
) (/usr/share/texmf-dist/tex/latex/base/inputenc.sty
Package: inputenc 2018/08/11 v1.3c Input encoding file
\inpenc@prehook=\toks19
\inpenc@posthook=\toks20
) (/usr/share/texmf-dist/tex/generic/babel/babel.sty
Package: babel 2019/04/03 3.29 The Babel package
 (/usr/share/texmf-dist/tex/generic/babel/switch.def
File: switch.def 2019/04/03 3.29 Babel switching mechanism
) (/usr/share/texmf-dist/tex/generic/babel-english/english.ldf
Language: english 2017/06/06 v3.3r English support from the babel system
 (/usr/share/texmf-dist/tex/generic/babel/babel.def
File: babel.def 2019/04/03 3.29 Babel common definitions
\babel@savecnt=\count100
\U@D=\dimen112
 (/usr/share/texmf-dist/tex/generic/babel/txtbabel.def)
\bbl@dirlevel=\count101
)
\l@canadian = a dialect from \language\l@american 
\l@australian = a dialect from \language\l@british 
\l@newzealand = a dialect from \language\l@british 
)) (/usr/share/texmf-dist/tex/latex/graphics/graphicx.sty
Package: graphicx 2017/06/01 v1.1a Enhanced LaTeX Graphics (DPC,SPQR)
 (/usr/share/texmf-dist/tex/latex/graphics/keyval.sty
Package: keyval 2014/10/28 v1.15 key=value parser (DPC)
\KV@toks@=\toks21
) (/usr/share/texmf-dist/tex/latex/graphics/graphics.sty
Package: graphics 2017/06/25 v1.2c Standard LaTeX Graphics (DPC,SPQR)
 (/usr/share/texmf-dist/tex/latex/graphics/trig.sty
Package: trig 2016/01/03 v1.10 sin cos tan (DPC)
) (/usr/share/texmf-dist/tex/latex/graphics-cfg/graphics.cfg
File: graphics.cfg 2016/06/04 v1.11 sample graphics configuration
)
Package graphics Info: Driver file: pdftex.def on input line 99.
 (/usr/share/texmf-dist/tex/latex/graphics-def/pdftex.def
File: pdftex.def 2018/01/08 v1.0l Graphics/color driver for pdftex
))
\Gin@req@height=\dimen113
\Gin@req@width=\dimen114
) (/usr/share/texmf-dist/tex/latex/caption/subcaption.sty
Package: subcaption 2018/05/01 v1.1-162 Sub-captions (AR)
 (/usr/share/texmf-dist/tex/latex/caption/caption.sty
Package: caption 2018/10/06 v3.3-154 Customizing captions (AR)
 (/usr/share/texmf-dist/tex/latex/caption/caption3.sty
Package: caption3 2018/09/12 v1.8c caption3 kernel (AR)
Package caption3 Info: TeX engine: e-TeX on input line 64.
\captionmargin=\dimen115
\captionmargin@=\dimen116
\captionwidth=\dimen117
\caption@tempdima=\dimen118
\caption@indent=\dimen119
\caption@parindent=\dimen120
\caption@hangindent=\dimen121
)
\c@caption@flags=\count102
\c@ContinuedFloat=\count103
)
\c@subfigure=\count104
\c@subtable=\count105
) (/usr/share/texmf-dist/tex/latex/hyperref/hyperref.sty
Package: hyperref 2018/11/30 v6.88e Hypertext links for LaTeX
 (/usr/share/texmf-dist/tex/generic/oberdiek/hobsub-hyperref.sty
Package: hobsub-hyperref 2016/05/16 v1.14 Bundle oberdiek, subset hyperref (HO)
 (/usr/share/texmf-dist/tex/generic/oberdiek/hobsub-generic.sty
Package: hobsub-generic 2016/05/16 v1.14 Bundle oberdiek, subset generic (HO)
Package: hobsub 2016/05/16 v1.14 Construct package bundles (HO)
Package: infwarerr 2016/05/16 v1.4 Providing info/warning/error messages (HO)
Package: ltxcmds 2016/05/16 v1.23 LaTeX kernel commands for general use (HO)
Package: ifluatex 2016/05/16 v1.4 Provides the ifluatex switch (HO)
Package ifluatex Info: LuaTeX not detected.
Package: ifvtex 2016/05/16 v1.6 Detect VTeX and its facilities (HO)
Package ifvtex Info: VTeX not detected.
Package: intcalc 2016/05/16 v1.2 Expandable calculations with integers (HO)
Package: ifpdf 2018/09/07 v3.3 Provides the ifpdf switch
Package: etexcmds 2016/05/16 v1.6 Avoid name clashes with e-TeX commands (HO)
Package: kvsetkeys 2016/05/16 v1.17 Key value parser (HO)
Package: kvdefinekeys 2016/05/16 v1.4 Define keys (HO)
Package: pdftexcmds 2018/09/10 v0.29 Utility functions of pdfTeX for LuaTeX (HO)
Package pdftexcmds Info: LuaTeX not detected.
Package pdftexcmds Info: \pdf@primitive is available.
Package pdftexcmds Info: \pdf@ifprimitive is available.
Package pdftexcmds Info: \pdfdraftmode found.
Package: pdfescape 2016/05/16 v1.14 Implements pdfTeX's escape features (HO)
Package: bigintcalc 2016/05/16 v1.4 Expandable calculations on big integers (HO)
Package: bitset 2016/05/16 v1.2 Handle bit-vector datatype (HO)
Package: uniquecounter 2016/05/16 v1.3 Provide unlimited unique counter (HO)
)
Package hobsub Info: Skipping package `hobsub' (already loaded).
Package: letltxmacro 2016/05/16 v1.5 Let assignment for LaTeX macros (HO)
Package: hopatch 2016/05/16 v1.3 Wrapper for package hooks (HO)
Package: xcolor-patch 2016/05/16 xcolor patch
Package: atveryend 2016/05/16 v1.9 Hooks at the very end of document (HO)
Package atveryend Info: \enddocument detected (standard20110627).
Package: atbegshi 2016/06/09 v1.18 At begin shipout hook (HO)
Package: refcount 2016/05/16 v3.5 Data extraction from label references (HO)
Package: hycolor 2016/05/16 v1.8 Color options for hyperref/bookmark (HO)
) (/usr/share/texmf-dist/tex/generic/ifxetex/ifxetex.sty
Package: ifxetex 2010/09/12 v0.6 Provides ifxetex conditional
) (/usr/share/texmf-dist/tex/latex/oberdiek/auxhook.sty
Package: auxhook 2016/05/16 v1.4 Hooks for auxiliary files (HO)
) (/usr/share/texmf-dist/tex/latex/oberdiek/kvoptions.sty
Package: kvoptions 2016/05/16 v3.12 Key value format for package options (HO)
)
\@linkdim=\dimen122
\Hy@linkcounter=\count106
\Hy@pagecounter=\count107
 (/usr/share/texmf-dist/tex/latex/hyperref/pd1enc.def
File: pd1enc.def 2018/11/30 v6.88e Hyperref: PDFDocEncoding definition (HO)
Now handling font encoding PD1 ...
... no UTF-8 mapping file for font encoding PD1
)
\Hy@SavedSpaceFactor=\count108
 (/usr/share/texmf-dist/tex/latex/latexconfig/hyperref.cfg
File: hyperref.cfg 2002/06/06 v1.2 hyperref configuration of TeXLive
)
Package hyperref Info: Hyper figures OFF on input line 4519.
Package hyperref Info: Link nesting OFF on input line 4524.
Package hyperref Info: Hyper index ON on input line 4527.
Package hyperref Info: Plain pages OFF on input line 4534.
Package hyperref Info: Backreferencing OFF on input line 4539.
Package hyperref Info: Implicit mode ON; LaTeX internals redefined.
Package hyperref Info: Bookmarks ON on input line 4772.
\c@Hy@tempcnt=\count109
 (/usr/share/texmf-dist/tex/latex/url/url.sty
\Urlmuskip=\muskip11
Package: url 2013/09/16  ver 3.4  Verb mode for urls, etc.
)
LaTeX Info: Redefining \url on input line 5125.
\XeTeXLinkMargin=\dimen123
\Fld@menulength=\count110
\Field@Width=\dimen124
\Fld@charsize=\dimen125
Package hyperref Info: Hyper figures OFF on input line 6380.
Package hyperref Info: Link nesting OFF on input line 6385.
Package hyperref Info: Hyper index ON on input line 6388.
Package hyperref Info: backreferencing OFF on input line 6395.
Package hyperref Info: Link coloring OFF on input line 6400.
Package hyperref Info: Link coloring with OCG OFF on input line 6405.
Package hyperref Info: PDF/A mode OFF on input line 6410.
LaTeX Info: Redefining \ref on input line 6450.
LaTeX Info: Redefining \pageref on input line 6454.
\Hy@abspage=\count111
\c@Item=\count112
\c@Hfootnote=\count113
)
Package hyperref Info: Driver (autodetected): hpdftex.
 (/usr/share/texmf-dist/tex/latex/hyperref/hpdftex.def
File: hpdftex.def 2018/11/30 v6.88e Hyperref driver for pdfTeX
\Fld@listcount=\count114
\c@bookmark@seq@number=\count115
 (/usr/share/texmf-dist/tex/latex/oberdiek/rerunfilecheck.sty
Package: rerunfilecheck 2016/05/16 v1.8 Rerun checks for auxiliary files (HO)
Package uniquecounter Info: New unique counter `rerunfilecheck' on input line 282.
)
\Hy@SectionHShift=\skip46
) (/usr/share/texmf-dist/tex/latex/float/float.sty
Package: float 2001/11/08 v1.3d Float enhancements (AL)
\c@float@type=\count116
\float@exts=\toks22
\float@box=\box29
\@float@everytoks=\toks23
\@floatcapt=\box30
) (./efc1.aux)
\openout1 = `efc1.aux'.

LaTeX Font Info:    Checking defaults for OML/cmm/m/it on input line 29.
LaTeX Font Info:    ... okay on input line 29.
LaTeX Font Info:    Checking defaults for T1/cmr/m/n on input line 29.
LaTeX Font Info:    ... okay on input line 29.
LaTeX Font Info:    Checking defaults for OT1/cmr/m/n on input line 29.
LaTeX Font Info:    ... okay on input line 29.
LaTeX Font Info:    Checking defaults for OMS/cmsy/m/n on input line 29.
LaTeX Font Info:    ... okay on input line 29.
LaTeX Font Info:    Checking defaults for OMX/cmex/m/n on input line 29.
LaTeX Font Info:    ... okay on input line 29.
LaTeX Font Info:    Checking defaults for U/cmr/m/n on input line 29.
LaTeX Font Info:    ... okay on input line 29.
LaTeX Font Info:    Checking defaults for PD1/pdf/m/n on input line 29.
LaTeX Font Info:    ... okay on input line 29.
 (/usr/share/texmf-dist/tex/context/base/mkii/supp-pdf.mkii
[Loading MPS to PDF converter (version 2006.09.02).]
\scratchcounter=\count117
\scratchdimen=\dimen126
\scratchbox=\box31
\nofMPsegments=\count118
\nofMParguments=\count119
\everyMPshowfont=\toks24
\MPscratchCnt=\count120
\MPscratchDim=\dimen127
\MPnumerator=\count121
\makeMPintoPDFobject=\count122
\everyMPtoPDFconversion=\toks25
) (/usr/share/texmf-dist/tex/latex/oberdiek/epstopdf-base.sty
Package: epstopdf-base 2016/05/15 v2.6 Base part for package epstopdf
 (/usr/share/texmf-dist/tex/latex/oberdiek/grfext.sty
Package: grfext 2016/05/16 v1.2 Manage graphics extensions (HO)
)
Package epstopdf-base Info: Redefining graphics rule for `.eps' on input line 438.
Package grfext Info: Graphics extension search list:
(grfext)             [.pdf,.png,.jpg,.mps,.jpeg,.jbig2,.jb2,.PDF,.PNG,.JPG,.JPEG,.JBIG2,.JB2,.eps]
(grfext)             \AppendGraphicsExtensions on input line 456.
 (/usr/share/texmf-dist/tex/latex/latexconfig/epstopdf-sys.cfg
File: epstopdf-sys.cfg 2010/07/13 v1.3 Configuration of (r)epstopdf for TeX Live
))
Package caption Info: Begin \AtBeginDocument code.
Package caption Info: float package is loaded.
Package caption Info: hyperref package is loaded.
Package caption Info: End \AtBeginDocument code.
\AtBeginShipoutBox=\box32
Package hyperref Info: Link coloring OFF on input line 29.
 (/usr/share/texmf-dist/tex/latex/hyperref/nameref.sty
Package: nameref 2016/05/21 v2.44 Cross-referencing by name of section
 (/usr/share/texmf-dist/tex/generic/oberdiek/gettitlestring.sty
Package: gettitlestring 2016/05/16 v1.5 Cleanup title references (HO)
)
\c@section@level=\count123
)
LaTeX Info: Redefining \ref on input line 29.
LaTeX Info: Redefining \pageref on input line 29.
LaTeX Info: Redefining \nameref on input line 29.
 (./efc1.out) (./efc1.out)
\@outlinefile=\write3
\openout3 = `efc1.out'.

<../figures/unicamp.png, id=88, 481.8pt x 481.8pt>
File: ../figures/unicamp.png Graphic file (type png)
<use ../figures/unicamp.png>
Package pdftex.def Info: ../figures/unicamp.png  used on input line 36.
(pdftex.def)             Requested size: 42.67912pt x 42.67642pt.
<../figures/feec.jpg, id=90, 863.225pt x 357.335pt>
File: ../figures/feec.jpg Graphic file (type jpg)
<use ../figures/feec.jpg>
Package pdftex.def Info: ../figures/feec.jpg  used on input line 43.
(pdftex.def)             Requested size: 42.67912pt x 17.66605pt.
 [1

{/var/lib/texmf/fonts/map/pdftex/updmap/pdftex.map} <../figures/unicamp.png> <../figures/feec.jpg>]

Package hyperref Warning: Token not allowed in a PDF string (PDFDocEncoding):
(hyperref)                removing `math shift' on input line 109.


Package hyperref Warning: Token not allowed in a PDF string (PDFDocEncoding):
(hyperref)                removing `math shift' on input line 109.

[2]
Underfull \hbox (badness 10000) in paragraph at lines 143--145

 []


Package hyperref Warning: Token not allowed in a PDF string (PDFDocEncoding):
(hyperref)                removing `math shift' on input line 153.


Package hyperref Warning: Token not allowed in a PDF string (PDFDocEncoding):
(hyperref)                removing `math shift' on input line 153.


Underfull \hbox (badness 10000) in paragraph at lines 156--160

 []

[3]
Overfull \hbox (67.21301pt too wide) in paragraph at lines 205--205
\OML/cmm/m/it/10 H\OT1/cmr/m/n/10 (\OML/cmm/m/it/10 X; Y\OT1/cmr/m/n/10 ) = \OMS/cmsy/m/n/10 ^^@\OML/cmm/m/it/10 P[]\OT1/cmr/m/n/10 (0\OML/cmm/m/it/10 ; \OT1/cmr/m/n/10 0) [][][\OML/cmm/m/it/10 P[]\OT1/cmr/m/n/10 (0\OML/cmm/m/it/10 ; \OT1/cmr/m/n/10 0)] \OMS/cmsy/m/n/10 ^^@ \OML/cmm/m/it/10 P[]\OT1/cmr/m/n/10 (0\OML/cmm/m/it/10 ; \OT1/cmr/m/n/10 1) [][][\OML/cmm/m/it/10 P[]\OT1/cmr/m/n/10 (0\OML/cmm/m/it/10 ; \OT1/cmr/m/n/10 1)] \OMS/cmsy/m/n/10 ^^@ \OML/cmm/m/it/10 P[]\OT1/cmr/m/n/10 (1\OML/cmm/m/it/10 ; \OT1/cmr/m/n/10 0) [][][\OML/cmm/m/it/10 P[]\OT1/cmr/m/n/10 (1\OML/cmm/m/it/10 ; \OT1/cmr/m/n/10 0)] \OMS/cmsy/m/n/10 ^^@
 []


Package hyperref Warning: Token not allowed in a PDF string (PDFDocEncoding):
(hyperref)                removing `math shift' on input line 205.


Package hyperref Warning: Token not allowed in a PDF string (PDFDocEncoding):
(hyperref)                removing `math shift' on input line 205.


Package hyperref Warning: Token not allowed in a PDF string (PDFDocEncoding):
(hyperref)                removing `math shift' on input line 205.


Package hyperref Warning: Token not allowed in a PDF string (PDFDocEncoding):
(hyperref)                removing `math shift' on input line 205.


Underfull \hbox (badness 10000) in paragraph at lines 231--238

 []


Underfull \hbox (badness 10000) in paragraph at lines 231--238

 []


Underfull \hbox (badness 10000) in paragraph at lines 243--250

 []


Underfull \hbox (badness 10000) in paragraph at lines 243--250

 []

[4]
<../figures/theoretical-ex/ML.png, id=133, 433.62pt x 289.08pt>
File: ../figures/theoretical-ex/ML.png Graphic file (type png)
<use ../figures/theoretical-ex/ML.png>
Package pdftex.def Info: ../figures/theoretical-ex/ML.png  used on input line 270.
(pdftex.def)             Requested size: 341.43306pt x 227.63405pt.


Package hyperref Warning: Token not allowed in a PDF string (PDFDocEncoding):
(hyperref)                removing `math shift' on input line 278.


Package hyperref Warning: Token not allowed in a PDF string (PDFDocEncoding):
(hyperref)                removing `subscript' on input line 278.


Package hyperref Warning: Token not allowed in a PDF string (PDFDocEncoding):
(hyperref)                removing `math shift' on input line 278.


Package hyperref Warning: Token not allowed in a PDF string (PDFDocEncoding):
(hyperref)                removing `math shift' on input line 278.


Package hyperref Warning: Token not allowed in a PDF string (PDFDocEncoding):
(hyperref)                removing `subscript' on input line 278.


Package hyperref Warning: Token not allowed in a PDF string (PDFDocEncoding):
(hyperref)                removing `subscript' on input line 278.


Package hyperref Warning: Token not allowed in a PDF string (PDFDocEncoding):
(hyperref)                removing `math shift' on input line 278.

[5 <../figures/theoretical-ex/ML.png>]
<../figures/theoretical-ex/MAP.png, id=141, 433.62pt x 289.08pt>
File: ../figures/theoretical-ex/MAP.png Graphic file (type png)
<use ../figures/theoretical-ex/MAP.png>
Package pdftex.def Info: ../figures/theoretical-ex/MAP.png  used on input line 309.
(pdftex.def)             Requested size: 341.43306pt x 227.63405pt.


LaTeX Warning: `h' float specifier changed to `ht'.

[6]
LaTeX Font Info:    Font shape `OT1/cmtt/bx/n' in size <10> not available
(Font)              Font shape `OT1/cmtt/m/n' tried instead on input line 327.
LaTeX Font Info:    Try loading font information for OMS+cmr on input line 328.
 (/usr/share/texmf-dist/tex/latex/base/omscmr.fd
File: omscmr.fd 2014/09/29 v2.5h Standard LaTeX font definitions
)
LaTeX Font Info:    Font shape `OMS/cmr/m/n' in size <10> not available
(Font)              Font shape `OMS/cmsy/m/n' tried instead on input line 328.
 [7 <../figures/theoretical-ex/MAP.png>]
<../figures/pre-ex1/figure_0_all_data.png, id=170, 433.62pt x 289.08pt>
File: ../figures/pre-ex1/figure_0_all_data.png Graphic file (type png)
<use ../figures/pre-ex1/figure_0_all_data.png>
Package pdftex.def Info: ../figures/pre-ex1/figure_0_all_data.png  used on input line 358.
(pdftex.def)             Requested size: 341.43306pt x 227.63405pt.
<../figures/pre-ex1/figure_0_kfold.png, id=172, 254.1495pt x 167.4255pt>
File: ../figures/pre-ex1/figure_0_kfold.png Graphic file (type png)
<use ../figures/pre-ex1/figure_0_kfold.png>
Package pdftex.def Info: ../figures/pre-ex1/figure_0_kfold.png  used on input line 367.
(pdftex.def)             Requested size: 341.43306pt x 224.94423pt.
 [8 <../figures/pre-ex1/figure_0_all_data.png>]
<../figures/pre-ex1/figure_1_data_split.png, id=184, 433.62pt x 289.08pt>
File: ../figures/pre-ex1/figure_1_data_split.png Graphic file (type png)
<use ../figures/pre-ex1/figure_1_data_split.png>
Package pdftex.def Info: ../figures/pre-ex1/figure_1_data_split.png  used on input line 379.
(pdftex.def)             Requested size: 109.54327pt x 73.0285pt.
<../figures/pre-ex1/figure_2_fold_1.png, id=185, 433.62pt x 289.08pt>
File: ../figures/pre-ex1/figure_2_fold_1.png Graphic file (type png)
<use ../figures/pre-ex1/figure_2_fold_1.png>
Package pdftex.def Info: ../figures/pre-ex1/figure_2_fold_1.png  used on input line 387.
(pdftex.def)             Requested size: 109.54327pt x 73.0285pt.
<../figures/pre-ex1/figure_3_fold_2.png, id=186, 433.62pt x 289.08pt>
File: ../figures/pre-ex1/figure_3_fold_2.png Graphic file (type png)
<use ../figures/pre-ex1/figure_3_fold_2.png>
Package pdftex.def Info: ../figures/pre-ex1/figure_3_fold_2.png  used on input line 395.
(pdftex.def)             Requested size: 109.54327pt x 73.0285pt.
<../figures/pre-ex1/figure_4_fold_3.png, id=187, 433.62pt x 289.08pt>
File: ../figures/pre-ex1/figure_4_fold_3.png Graphic file (type png)
<use ../figures/pre-ex1/figure_4_fold_3.png>
Package pdftex.def Info: ../figures/pre-ex1/figure_4_fold_3.png  used on input line 403.
(pdftex.def)             Requested size: 109.54327pt x 73.0285pt.
<../figures/pre-ex1/figure_5_fold_4.png, id=188, 433.62pt x 289.08pt>
File: ../figures/pre-ex1/figure_5_fold_4.png Graphic file (type png)
<use ../figures/pre-ex1/figure_5_fold_4.png>
Package pdftex.def Info: ../figures/pre-ex1/figure_5_fold_4.png  used on input line 410.
(pdftex.def)             Requested size: 109.54327pt x 73.0285pt.
<../figures/pre-ex1/figure_6_fold_5.png, id=189, 433.62pt x 289.08pt>
File: ../figures/pre-ex1/figure_6_fold_5.png Graphic file (type png)
<use ../figures/pre-ex1/figure_6_fold_5.png>
Package pdftex.def Info: ../figures/pre-ex1/figure_6_fold_5.png  used on input line 417.
(pdftex.def)             Requested size: 109.54327pt x 73.0285pt.
<../figures/pre-ex1/figure_7_fold_6.png, id=190, 433.62pt x 289.08pt>
File: ../figures/pre-ex1/figure_7_fold_6.png Graphic file (type png)
<use ../figures/pre-ex1/figure_7_fold_6.png>
Package pdftex.def Info: ../figures/pre-ex1/figure_7_fold_6.png  used on input line 425.
(pdftex.def)             Requested size: 109.54327pt x 73.0285pt.
<../figures/pre-ex1/figure_8_fold_7.png, id=191, 433.62pt x 289.08pt>
File: ../figures/pre-ex1/figure_8_fold_7.png Graphic file (type png)
<use ../figures/pre-ex1/figure_8_fold_7.png>
Package pdftex.def Info: ../figures/pre-ex1/figure_8_fold_7.png  used on input line 432.
(pdftex.def)             Requested size: 109.54327pt x 73.0285pt.
<../figures/pre-ex1/figure_9_fold_8.png, id=192, 433.62pt x 289.08pt>
File: ../figures/pre-ex1/figure_9_fold_8.png Graphic file (type png)
<use ../figures/pre-ex1/figure_9_fold_8.png>
Package pdftex.def Info: ../figures/pre-ex1/figure_9_fold_8.png  used on input line 439.
(pdftex.def)             Requested size: 109.54327pt x 73.0285pt.
<../figures/pre-ex1/figure_10_final_training.png, id=194, 433.62pt x 289.08pt>
File: ../figures/pre-ex1/figure_10_final_training.png Graphic file (type png)
<use ../figures/pre-ex1/figure_10_final_training.png>
Package pdftex.def Info: ../figures/pre-ex1/figure_10_final_training.png  used on input line 452.
(pdftex.def)             Requested size: 341.43306pt x 227.63405pt.
 [9 <../figures/pre-ex1/figure_0_kfold.png>] [10 <../figures/pre-ex1/figure_1_data_split.png> <../figures/pre-ex1/figure_2_fold_1.png> <../figures/pre-ex1/figure_3_fold_2.png> <../figures/pre-ex1/figure_4_fold_3.png> <../figures/pre-ex1/figure_5_fold_4.png> <../figures/pre-ex1/figure_6_fold_5.png> <../figures/pre-ex1/figure_7_fold_6.png> <../figures/pre-ex1/figure_8_fold_7.png> <../figures/pre-ex1/figure_9_fold_8.png> <../figures/pre-ex1/figure_10_final_training.png>]
<../figures/ex1/figure_1_rmse_with_k.png, id=222, 433.62pt x 289.08pt>
File: ../figures/ex1/figure_1_rmse_with_k.png Graphic file (type png)
<use ../figures/ex1/figure_1_rmse_with_k.png>
Package pdftex.def Info: ../figures/ex1/figure_1_rmse_with_k.png  used on input line 465.
(pdftex.def)             Requested size: 341.43306pt x 227.63405pt.
<../figures/ex1/figure_2_rmse_with_k_zoom.png, id=224, 433.62pt x 289.08pt>
File: ../figures/ex1/figure_2_rmse_with_k_zoom.png Graphic file (type png)
<use ../figures/ex1/figure_2_rmse_with_k_zoom.png>
Package pdftex.def Info: ../figures/ex1/figure_2_rmse_with_k_zoom.png  used on input line 474.
(pdftex.def)             Requested size: 341.43306pt x 227.63405pt.
 [11 <../figures/ex1/figure_1_rmse_with_k.png>]
<../figures/ex1/figure_3_predictor.png, id=233, 433.62pt x 289.08pt>
File: ../figures/ex1/figure_3_predictor.png Graphic file (type png)
<use ../figures/ex1/figure_3_predictor.png>
Package pdftex.def Info: ../figures/ex1/figure_3_predictor.png  used on input line 487.
(pdftex.def)             Requested size: 341.43306pt x 227.63405pt.
 [12 <../figures/ex1/figure_2_rmse_with_k_zoom.png>]
<../figures/pre-ex2/figure_0_hyperbolic_tangent.png, id=242, 433.62pt x 289.08pt>
File: ../figures/pre-ex2/figure_0_hyperbolic_tangent.png Graphic file (type png)
<use ../figures/pre-ex2/figure_0_hyperbolic_tangent.png>
Package pdftex.def Info: ../figures/pre-ex2/figure_0_hyperbolic_tangent.png  used on input line 502.
(pdftex.def)             Requested size: 341.43306pt x 227.63405pt.
 [13 <../figures/ex1/figure_3_predictor.png>]
<../figures/pre-ex2/figure_1_hyperbolic_tangent.png, id=253, 433.62pt x 289.08pt>
File: ../figures/pre-ex2/figure_1_hyperbolic_tangent.png Graphic file (type png)
<use ../figures/pre-ex2/figure_1_hyperbolic_tangent.png>
Package pdftex.def Info: ../figures/pre-ex2/figure_1_hyperbolic_tangent.png  used on input line 511.
(pdftex.def)             Requested size: 341.43306pt x 227.63405pt.
 [14 <../figures/pre-ex2/figure_0_hyperbolic_tangent.png>]
<../figures/pre-ex2/figure_2_linear_transformation.png, id=262, 433.62pt x 289.08pt>
File: ../figures/pre-ex2/figure_2_linear_transformation.png Graphic file (type png)
<use ../figures/pre-ex2/figure_2_linear_transformation.png>
Package pdftex.def Info: ../figures/pre-ex2/figure_2_linear_transformation.png  used on input line 520.
(pdftex.def)             Requested size: 341.43306pt x 227.63405pt.
 [15 <../figures/pre-ex2/figure_1_hyperbolic_tangent.png>]
<../figures/pre-ex2/figure_3_tanh_dataset.png, id=270, 433.62pt x 289.08pt>
File: ../figures/pre-ex2/figure_3_tanh_dataset.png Graphic file (type png)
<use ../figures/pre-ex2/figure_3_tanh_dataset.png>
Package pdftex.def Info: ../figures/pre-ex2/figure_3_tanh_dataset.png  used on input line 527.
(pdftex.def)             Requested size: 341.43306pt x 227.63405pt.
 [16 <../figures/pre-ex2/figure_2_linear_transformation.png> <../figures/pre-ex2/figure_3_tanh_dataset.png>]
<../figures/ex2/figure_1_rmse_with_T.png, id=282, 433.62pt x 289.08pt>
File: ../figures/ex2/figure_1_rmse_with_T.png Graphic file (type png)
<use ../figures/ex2/figure_1_rmse_with_T.png>
Package pdftex.def Info: ../figures/ex2/figure_1_rmse_with_T.png  used on input line 542.
(pdftex.def)             Requested size: 341.43306pt x 227.63405pt.
<../figures/ex2/figure_2__rmse_with_T_zoom.png, id=284, 433.62pt x 289.08pt>
File: ../figures/ex2/figure_2__rmse_with_T_zoom.png Graphic file (type png)
<use ../figures/ex2/figure_2__rmse_with_T_zoom.png>
Package pdftex.def Info: ../figures/ex2/figure_2__rmse_with_T_zoom.png  used on input line 553.
(pdftex.def)             Requested size: 341.43306pt x 227.63405pt.
 [17 <../figures/ex2/figure_1_rmse_with_T.png>]
<../figures/ex2/figure_3_lambda_with_T.png, id=294, 433.62pt x 289.08pt>
File: ../figures/ex2/figure_3_lambda_with_T.png Graphic file (type png)
<use ../figures/ex2/figure_3_lambda_with_T.png>
Package pdftex.def Info: ../figures/ex2/figure_3_lambda_with_T.png  used on input line 566.
(pdftex.def)             Requested size: 341.43306pt x 227.63405pt.
 [18 <../figures/ex2/figure_2__rmse_with_T_zoom.png>]
<../figures/ex2/figure_4_predictor.png, id=303, 433.62pt x 289.08pt>
File: ../figures/ex2/figure_4_predictor.png Graphic file (type png)
<use ../figures/ex2/figure_4_predictor.png>
Package pdftex.def Info: ../figures/ex2/figure_4_predictor.png  used on input line 581.
(pdftex.def)             Requested size: 341.43306pt x 227.63405pt.
 [19 <../figures/ex2/figure_3_lambda_with_T.png>]
Package atveryend Info: Empty hook `BeforeClearDocument' on input line 589.
 [20 <../figures/ex2/figure_4_predictor.png>]
Package atveryend Info: Empty hook `AfterLastShipout' on input line 589.
 (./efc1.aux)
Package atveryend Info: Executing hook `AtVeryEndDocument' on input line 589.
Package atveryend Info: Executing hook `AtEndAfterFileList' on input line 589.
Package rerunfilecheck Info: File `efc1.out' has not changed.
(rerunfilecheck)             Checksum: 9F1F48FD486F504A43811344ED22264E;2102.
Package atveryend Info: Empty hook `AtVeryVeryEnd' on input line 589.
 ) 
Here is how much of TeX's memory you used:
 7608 strings out of 492623
 116253 string characters out of 6135669
 218290 words of memory out of 5000000
 11329 multiletter control sequences out of 15000+600000
 9800 words of font info for 36 fonts, out of 8000000 for 9000
 1141 hyphenation exceptions out of 8191
 42i,7n,40p,1319b,478s stack positions out of 5000i,500n,10000p,200000b,80000s
</usr/share/texmf-dist/fonts/type1/public/amsfonts/cm/cmbx10.pfb></usr/share/texmf-dist/fonts/type1/public/amsfonts/cm/cmbx12.pfb></usr/share/texmf-dist/fonts/type1/public/amsfonts/cm/cmbx7.pfb></usr/share/texmf-dist/fonts/type1/public/amsfonts/cm/cmex10.pfb></usr/share/texmf-dist/fonts/type1/public/amsfonts/cm/cmmi10.pfb></usr/share/texmf-dist/fonts/type1/public/amsfonts/cm/cmmi12.pfb></usr/share/texmf-dist/fonts/type1/public/amsfonts/cm/cmmi7.pfb></usr/share/texmf-dist/fonts/type1/public/amsfonts/cm/cmr10.pfb></usr/share/texmf-dist/fonts/type1/public/amsfonts/cm/cmr12.pfb></usr/share/texmf-dist/fonts/type1/public/amsfonts/cm/cmr17.pfb></usr/share/texmf-dist/fonts/type1/public/amsfonts/cm/cmr7.pfb></usr/share/texmf-dist/fonts/type1/public/amsfonts/cm/cmr8.pfb></usr/share/texmf-dist/fonts/type1/public/amsfonts/cm/cmr9.pfb></usr/share/texmf-dist/fonts/type1/public/amsfonts/cm/cmsy10.pfb></usr/share/texmf-dist/fonts/type1/public/amsfonts/cm/cmsy7.pfb></usr/share/texmf-dist/fonts/type1/public/amsfonts/cm/cmtt10.pfb>
Output written on efc1.pdf (20 pages, 3137581 bytes).
PDF statistics:
 397 PDF objects out of 1000 (max. 8388607)
 302 compressed objects within 4 object streams
 93 named destinations out of 1000 (max. 500000)
 304 words of extra memory for PDF output out of 10000 (max. 10000000)

