\BOOKMARK [1][-]{section.1}{Theoretical Activities}{}% 1
\BOOKMARK [2][-]{subsection.1.1}{Exercise 1}{section.1}% 2
\BOOKMARK [3][-]{subsubsection.1.1.1}{a\) Obtain P\(X\) e P\(Y\).}{subsection.1.1}% 3
\BOOKMARK [3][-]{subsubsection.1.1.2}{b\) Calculate P\(X = 0|Y = 0\).}{subsection.1.1}% 4
\BOOKMARK [3][-]{subsubsection.1.1.3}{c\) Calculate E[X] e E[Y].}{subsection.1.1}% 5
\BOOKMARK [3][-]{subsubsection.1.1.4}{d\) Are the variables independents? Why?}{subsection.1.1}% 6
\BOOKMARK [2][-]{subsection.1.2}{Exercise 2}{section.1}% 7
\BOOKMARK [3][-]{subsubsection.1.2.1}{a\) Calculate H\(X\), H\(Y\) e H\(X|Y\).}{subsection.1.2}% 8
\BOOKMARK [3][-]{subsubsection.1.2.2}{b\) Calculate H\(X|Y\) e H\(Y|X\).}{subsection.1.2}% 9
\BOOKMARK [3][-]{subsubsection.1.2.3}{c\) Calculate I\(X,Y\).}{subsection.1.2}% 10
\BOOKMARK [2][-]{subsection.1.3}{Exercise 3}{section.1}% 11
\BOOKMARK [3][-]{subsubsection.1.3.1}{a\) Under the ML criteria, we have that x belongs to the class C1 if p\(x|C1\) > p\(x|C2\):}{subsection.1.3}% 12
\BOOKMARK [2][-]{subsection.1.4}{b\) Under the MAP criteria, we have that x belongs to the class C1 if p\(C1|x\) > p\(C2|x\):}{section.1}% 13
\BOOKMARK [1][-]{section.2}{Computational Activities}{}% 14
\BOOKMARK [2][-]{subsection.2.1}{Exercise 1}{section.2}% 15
\BOOKMARK [3][-]{subsubsection.2.1.1}{a\) Progression of the RMSE measured in validation set in function of hyperparameter K \(from 1 to 31\):}{subsection.2.1}% 16
\BOOKMARK [3][-]{subsubsection.2.1.2}{b\) Plot of predicted and real temperatures of test set}{subsection.2.1}% 17
\BOOKMARK [2][-]{subsection.2.2}{Exercise 2}{section.2}% 18
\BOOKMARK [3][-]{subsubsection.2.2.1}{a\) Progression of the RMSE in function of the number of features T \(from 1 to 100\) taking K fixed to 5 days.}{subsection.2.2}% 19
\BOOKMARK [3][-]{subsubsection.2.2.2}{b\) The best regularization coefficient for each value of T.}{subsection.2.2}% 20
\BOOKMARK [3][-]{subsubsection.2.2.3}{b\) Plot the predicted and real temperatures of test set considering the best T and its corresponding regularization coefficient.}{subsection.2.2}% 21
